Watching for file changes with StatReloader
[14/Jul/2023 14:43:37] "GET / HTTP/1.1" 200 1526
[14/Jul/2023 14:43:37] "GET /staticfiles/css/main.css HTTP/1.1" 200 10350
[14/Jul/2023 14:43:37] "GET /staticfiles/css/estilos.css HTTP/1.1" 200 2896
[14/Jul/2023 14:43:37] "GET /staticfiles/css/botones.css HTTP/1.1" 200 840
[14/Jul/2023 14:43:37] "GET /staticfiles/images/logo_NTTCS_CF.jpg HTTP/1.1" 200 20664
[14/Jul/2023 14:43:46] "POST / HTTP/1.1" 200 1526
[14/Jul/2023 14:43:49] "GET /staticfiles/css/main.css HTTP/1.1" 304 0
[14/Jul/2023 14:43:49] "GET /staticfiles/css/estilos.css HTTP/1.1" 304 0
[14/Jul/2023 14:43:50] "GET / HTTP/1.1" 200 1526
[14/Jul/2023 14:43:51] "GET /staticfiles/css/botones.css HTTP/1.1" 200 840
[14/Jul/2023 14:43:51] "GET /staticfiles/css/main.css HTTP/1.1" 200 10350
[14/Jul/2023 14:43:51] "GET /staticfiles/css/estilos.css HTTP/1.1" 200 2896
[14/Jul/2023 14:43:51] "GET /staticfiles/images/logo_NTTCS_CF.jpg HTTP/1.1" 200 20664
[14/Jul/2023 14:43:56] "POST / HTTP/1.1" 200 1526
[14/Jul/2023 14:43:56] "GET /staticfiles/css/main.css HTTP/1.1" 304 0
[14/Jul/2023 14:43:56] "GET /staticfiles/css/estilos.css HTTP/1.1" 304 0
[14/Jul/2023 14:44:18] "POST / HTTP/1.1" 200 1526
[14/Jul/2023 14:44:18] "GET /staticfiles/css/main.css HTTP/1.1" 304 0
[14/Jul/2023 14:44:18] "GET /staticfiles/css/estilos.css HTTP/1.1" 304 0
[14/Jul/2023 14:46:37] "POST / HTTP/1.1" 200 1526
[14/Jul/2023 14:46:38] "GET /staticfiles/css/main.css HTTP/1.1" 304 0
[14/Jul/2023 14:46:38] "GET /staticfiles/css/estilos.css HTTP/1.1" 304 0
[14/Jul/2023 14:46:54] "GET / HTTP/1.1" 200 1526
[14/Jul/2023 14:47:04] "GET /admin/ HTTP/1.1" 302 0
[14/Jul/2023 14:47:04] "GET /admin/login/?next=/admin/ HTTP/1.1" 200 4263
[14/Jul/2023 14:47:04] "GET /staticfiles/admin/css/base.css HTTP/1.1" 200 21207
[14/Jul/2023 14:47:04] "GET /staticfiles/admin/css/dark_mode.css HTTP/1.1" 200 2929
[14/Jul/2023 14:47:04] "GET /staticfiles/admin/css/login.css HTTP/1.1" 200 958
[14/Jul/2023 14:47:04] "GET /staticfiles/admin/css/responsive.css HTTP/1.1" 200 18533
[14/Jul/2023 14:47:04] "GET /staticfiles/admin/css/nav_sidebar.css HTTP/1.1" 200 2694
[14/Jul/2023 14:47:04] "GET /staticfiles/admin/js/nav_sidebar.js HTTP/1.1" 200 3063
[14/Jul/2023 14:47:04] "GET /staticfiles/admin/js/theme.js HTTP/1.1" 200 1943
Not Found: /favicon.ico
[14/Jul/2023 14:47:04] "GET /favicon.ico HTTP/1.1" 404 7296
Internal Server Error: /admin/login/
Traceback (most recent call last):
  File "C:\Users\administrator\AppData\Local\Programs\Python\Python311\Lib\site-packages\django\db\backends\utils.py", line 89, in _execute
    return self.cursor.execute(sql, params)
           ^^^^^^^^^^^^^^^^^^^^^^^^^^^^^^^^
  File "C:\Users\administrator\AppData\Local\Programs\Python\Python311\Lib\site-packages\django\db\backends\mysql\base.py", line 75, in execute
    return self.cursor.execute(query, args)
           ^^^^^^^^^^^^^^^^^^^^^^^^^^^^^^^^
  File "C:\Users\administrator\AppData\Local\Programs\Python\Python311\Lib\site-packages\MySQLdb\cursors.py", line 206, in execute
    res = self._query(query)
          ^^^^^^^^^^^^^^^^^^
  File "C:\Users\administrator\AppData\Local\Programs\Python\Python311\Lib\site-packages\MySQLdb\cursors.py", line 319, in _query
    db.query(q)
  File "C:\Users\administrator\AppData\Local\Programs\Python\Python311\Lib\site-packages\MySQLdb\connections.py", line 254, in query
    _mysql.connection.query(self, query)
MySQLdb.ProgrammingError: (1146, "Table 'nttcs_cf.usuarios' doesn't exist")

The above exception was the direct cause of the following exception:

Traceback (most recent call last):
  File "C:\Users\administrator\AppData\Local\Programs\Python\Python311\Lib\site-packages\django\core\handlers\exception.py", line 55, in inner
    response = get_response(request)
               ^^^^^^^^^^^^^^^^^^^^^
  File "C:\Users\administrator\AppData\Local\Programs\Python\Python311\Lib\site-packages\django\core\handlers\base.py", line 197, in _get_response
    response = wrapped_callback(request, *callback_args, **callback_kwargs)
               ^^^^^^^^^^^^^^^^^^^^^^^^^^^^^^^^^^^^^^^^^^^^^^^^^^^^^^^^^^^^
  File "C:\Users\administrator\AppData\Local\Programs\Python\Python311\Lib\site-packages\django\utils\decorators.py", line 46, in _wrapper
    return bound_method(*args, **kwargs)
           ^^^^^^^^^^^^^^^^^^^^^^^^^^^^^
  File "C:\Users\administrator\AppData\Local\Programs\Python\Python311\Lib\site-packages\django\views\decorators\cache.py", line 62, in _wrapper_view_func
    response = view_func(request, *args, **kwargs)
               ^^^^^^^^^^^^^^^^^^^^^^^^^^^^^^^^^^^
  File "C:\Users\administrator\AppData\Local\Programs\Python\Python311\Lib\site-packages\django\contrib\admin\sites.py", line 441, in login
    return LoginView.as_view(**defaults)(request)
           ^^^^^^^^^^^^^^^^^^^^^^^^^^^^^^^^^^^^^^
  File "C:\Users\administrator\AppData\Local\Programs\Python\Python311\Lib\site-packages\django\views\generic\base.py", line 104, in view
    return self.dispatch(request, *args, **kwargs)
           ^^^^^^^^^^^^^^^^^^^^^^^^^^^^^^^^^^^^^^^
  File "C:\Users\administrator\AppData\Local\Programs\Python\Python311\Lib\site-packages\django\utils\decorators.py", line 46, in _wrapper
    return bound_method(*args, **kwargs)
           ^^^^^^^^^^^^^^^^^^^^^^^^^^^^^
  File "C:\Users\administrator\AppData\Local\Programs\Python\Python311\Lib\site-packages\django\views\decorators\debug.py", line 92, in sensitive_post_parameters_wrapper
    return view(request, *args, **kwargs)
           ^^^^^^^^^^^^^^^^^^^^^^^^^^^^^^
  File "C:\Users\administrator\AppData\Local\Programs\Python\Python311\Lib\site-packages\django\utils\decorators.py", line 46, in _wrapper
    return bound_method(*args, **kwargs)
           ^^^^^^^^^^^^^^^^^^^^^^^^^^^^^
  File "C:\Users\administrator\AppData\Local\Programs\Python\Python311\Lib\site-packages\django\utils\decorators.py", line 134, in _wrapper_view
    response = view_func(request, *args, **kwargs)
               ^^^^^^^^^^^^^^^^^^^^^^^^^^^^^^^^^^^
  File "C:\Users\administrator\AppData\Local\Programs\Python\Python311\Lib\site-packages\django\utils\decorators.py", line 46, in _wrapper
    return bound_method(*args, **kwargs)
           ^^^^^^^^^^^^^^^^^^^^^^^^^^^^^
  File "C:\Users\administrator\AppData\Local\Programs\Python\Python311\Lib\site-packages\django\views\decorators\cache.py", line 62, in _wrapper_view_func
    response = view_func(request, *args, **kwargs)
               ^^^^^^^^^^^^^^^^^^^^^^^^^^^^^^^^^^^
  File "C:\Users\administrator\AppData\Local\Programs\Python\Python311\Lib\site-packages\django\contrib\auth\views.py", line 90, in dispatch
    return super().dispatch(request, *args, **kwargs)
           ^^^^^^^^^^^^^^^^^^^^^^^^^^^^^^^^^^^^^^^^^^
  File "C:\Users\administrator\AppData\Local\Programs\Python\Python311\Lib\site-packages\django\views\generic\base.py", line 143, in dispatch
    return handler(request, *args, **kwargs)
           ^^^^^^^^^^^^^^^^^^^^^^^^^^^^^^^^^
  File "C:\Users\administrator\AppData\Local\Programs\Python\Python311\Lib\site-packages\django\views\generic\edit.py", line 152, in post
    if form.is_valid():
       ^^^^^^^^^^^^^^^
  File "C:\Users\administrator\AppData\Local\Programs\Python\Python311\Lib\site-packages\django\forms\forms.py", line 201, in is_valid
    return self.is_bound and not self.errors
                                 ^^^^^^^^^^^
  File "C:\Users\administrator\AppData\Local\Programs\Python\Python311\Lib\site-packages\django\forms\forms.py", line 196, in errors
    self.full_clean()
  File "C:\Users\administrator\AppData\Local\Programs\Python\Python311\Lib\site-packages\django\forms\forms.py", line 434, in full_clean
    self._clean_form()
  File "C:\Users\administrator\AppData\Local\Programs\Python\Python311\Lib\site-packages\django\forms\forms.py", line 455, in _clean_form
    cleaned_data = self.clean()
                   ^^^^^^^^^^^^
  File "C:\Users\administrator\AppData\Local\Programs\Python\Python311\Lib\site-packages\django\contrib\auth\forms.py", line 242, in clean
    self.user_cache = authenticate(
                      ^^^^^^^^^^^^^
  File "C:\Users\administrator\AppData\Local\Programs\Python\Python311\Lib\site-packages\django\views\decorators\debug.py", line 42, in sensitive_variables_wrapper
    return func(*func_args, **func_kwargs)
           ^^^^^^^^^^^^^^^^^^^^^^^^^^^^^^^
  File "C:\Users\administrator\AppData\Local\Programs\Python\Python311\Lib\site-packages\django\contrib\auth\__init__.py", line 77, in authenticate
    user = backend.authenticate(request, **credentials)
           ^^^^^^^^^^^^^^^^^^^^^^^^^^^^^^^^^^^^^^^^^^^^
  File "C:\Users\administrator\AppData\Local\Programs\Python\Python311\Lib\site-packages\django\contrib\auth\backends.py", line 46, in authenticate
    user = UserModel._default_manager.get_by_natural_key(username)
           ^^^^^^^^^^^^^^^^^^^^^^^^^^^^^^^^^^^^^^^^^^^^^^^^^^^^^^^
  File "C:\Users\administrator\AppData\Local\Programs\Python\Python311\Lib\site-packages\django\contrib\auth\base_user.py", line 54, in get_by_natural_key
    return self.get(**{self.model.USERNAME_FIELD: username})
           ^^^^^^^^^^^^^^^^^^^^^^^^^^^^^^^^^^^^^^^^^^^^^^^^^
  File "C:\Users\administrator\AppData\Local\Programs\Python\Python311\Lib\site-packages\django\db\models\manager.py", line 87, in manager_method
    return getattr(self.get_queryset(), name)(*args, **kwargs)
           ^^^^^^^^^^^^^^^^^^^^^^^^^^^^^^^^^^^^^^^^^^^^^^^^^^^
  File "C:\Users\administrator\AppData\Local\Programs\Python\Python311\Lib\site-packages\django\db\models\query.py", line 633, in get
    num = len(clone)
          ^^^^^^^^^^
  File "C:\Users\administrator\AppData\Local\Programs\Python\Python311\Lib\site-packages\django\db\models\query.py", line 380, in __len__
    self._fetch_all()
  File "C:\Users\administrator\AppData\Local\Programs\Python\Python311\Lib\site-packages\django\db\models\query.py", line 1881, in _fetch_all
    self._result_cache = list(self._iterable_class(self))
                         ^^^^^^^^^^^^^^^^^^^^^^^^^^^^^^^^
  File "C:\Users\administrator\AppData\Local\Programs\Python\Python311\Lib\site-packages\django\db\models\query.py", line 91, in __iter__
    results = compiler.execute_sql(
              ^^^^^^^^^^^^^^^^^^^^^
  File "C:\Users\administrator\AppData\Local\Programs\Python\Python311\Lib\site-packages\django\db\models\sql\compiler.py", line 1562, in execute_sql
    cursor.execute(sql, params)
  File "C:\Users\administrator\AppData\Local\Programs\Python\Python311\Lib\site-packages\django\db\backends\utils.py", line 102, in execute
    return super().execute(sql, params)
           ^^^^^^^^^^^^^^^^^^^^^^^^^^^^
  File "C:\Users\administrator\AppData\Local\Programs\Python\Python311\Lib\site-packages\django\db\backends\utils.py", line 67, in execute
    return self._execute_with_wrappers(
           ^^^^^^^^^^^^^^^^^^^^^^^^^^^^
  File "C:\Users\administrator\AppData\Local\Programs\Python\Python311\Lib\site-packages\django\db\backends\utils.py", line 80, in _execute_with_wrappers
    return executor(sql, params, many, context)
           ^^^^^^^^^^^^^^^^^^^^^^^^^^^^^^^^^^^^
  File "C:\Users\administrator\AppData\Local\Programs\Python\Python311\Lib\site-packages\django\db\backends\utils.py", line 84, in _execute
    with self.db.wrap_database_errors:
  File "C:\Users\administrator\AppData\Local\Programs\Python\Python311\Lib\site-packages\django\db\utils.py", line 91, in __exit__
    raise dj_exc_value.with_traceback(traceback) from exc_value
  File "C:\Users\administrator\AppData\Local\Programs\Python\Python311\Lib\site-packages\django\db\backends\utils.py", line 89, in _execute
    return self.cursor.execute(sql, params)
           ^^^^^^^^^^^^^^^^^^^^^^^^^^^^^^^^
  File "C:\Users\administrator\AppData\Local\Programs\Python\Python311\Lib\site-packages\django\db\backends\mysql\base.py", line 75, in execute
    return self.cursor.execute(query, args)
           ^^^^^^^^^^^^^^^^^^^^^^^^^^^^^^^^
  File "C:\Users\administrator\AppData\Local\Programs\Python\Python311\Lib\site-packages\MySQLdb\cursors.py", line 206, in execute
    res = self._query(query)
          ^^^^^^^^^^^^^^^^^^
  File "C:\Users\administrator\AppData\Local\Programs\Python\Python311\Lib\site-packages\MySQLdb\cursors.py", line 319, in _query
    db.query(q)
  File "C:\Users\administrator\AppData\Local\Programs\Python\Python311\Lib\site-packages\MySQLdb\connections.py", line 254, in query
    _mysql.connection.query(self, query)
django.db.utils.ProgrammingError: (1146, "Table 'nttcs_cf.usuarios' doesn't exist")
[14/Jul/2023 14:47:31] "POST /admin/login/?next=/admin/ HTTP/1.1" 500 258338
C:\Users\administrator\Documents\NTTCS_Control_Framework\NTTCS_CF_project\homepage\urls.py changed, reloading.
Performing system checks...

System check identified no issues (0 silenced).

You have 5 unapplied migration(s). Your project may not work properly until you apply the migrations for app(s): homepage.
Run 'python manage.py migrate' to apply them.
July 14, 2023 - 14:43:36
Django version 4.2.2, using settings 'NTTCS_CF_project.settings'
Starting development server at http://127.0.0.1:13504/
Quit the server with CTRL-BREAK.

Watching for file changes with StatReloader
[14/Jul/2023 14:48:44] "GET /admin/login/?next=/admin/ HTTP/1.1" 200 4276
[14/Jul/2023 14:48:45] "GET / HTTP/1.1" 200 1526
[14/Jul/2023 14:48:50] "POST / HTTP/1.1" 302 0
[14/Jul/2023 14:48:50] "GET /menu/ HTTP/1.1" 200 8026
[14/Jul/2023 14:48:50] "GET /staticfiles/css/ass.css HTTP/1.1" 200 6739
[14/Jul/2023 14:48:51] "GET /staticfiles/images/logo_NTTData.jpg HTTP/1.1" 200 2121
[14/Jul/2023 14:48:51] "GET /staticfiles/images/equipo2.jpg HTTP/1.1" 200 16151
[14/Jul/2023 14:49:00] "GET / HTTP/1.1" 200 1526
[14/Jul/2023 14:49:08] "POST / HTTP/1.1" 302 0
[14/Jul/2023 14:49:08] "GET /menu/ HTTP/1.1" 200 8026
[14/Jul/2023 14:49:12] "GET / HTTP/1.1" 200 1526
[14/Jul/2023 14:49:22] "POST / HTTP/1.1" 302 0
[14/Jul/2023 14:49:22] "GET /menu/ HTTP/1.1" 200 6141
[14/Jul/2023 14:49:28] "GET /assessmentselect/ HTTP/1.1" 200 18105
[14/Jul/2023 14:49:28] "GET /staticfiles/css/ass.css HTTP/1.1" 304 0
[14/Jul/2023 14:49:58] "GET / HTTP/1.1" 200 1526
[14/Jul/2023 14:50:08] "POST / HTTP/1.1" 302 0
[14/Jul/2023 14:50:08] "GET /menu/ HTTP/1.1" 200 5049
[14/Jul/2023 14:50:08] "GET /staticfiles/css/ass.css HTTP/1.1" 304 0
[14/Jul/2023 14:50:08] "GET /staticfiles/images/equipo2.jpg HTTP/1.1" 304 0
[14/Jul/2023 14:50:12] "GET /assessmentselect/ HTTP/1.1" 200 6097
[14/Jul/2023 14:50:14] "POST /assessmentselect/ HTTP/1.1" 302 0
[14/Jul/2023 14:50:14] "GET /assessment/ HTTP/1.1" 200 63223
[14/Jul/2023 14:50:18] "POST /assessment/ HTTP/1.1" 200 74055
[14/Jul/2023 14:53:39] "POST /assessment/ HTTP/1.1" 200 71687
[14/Jul/2023 14:53:39] "GET /staticfiles/css/ass.css HTTP/1.1" 304 0
[14/Jul/2023 14:53:44] "GET /menu/ HTTP/1.1" 200 5049
[14/Jul/2023 14:53:44] "GET /staticfiles/images/equipo2.jpg HTTP/1.1" 304 0
[14/Jul/2023 14:53:45] "GET /assessmentselect/ HTTP/1.1" 200 6097
[14/Jul/2023 14:53:46] "POST /assessmentselect/ HTTP/1.1" 302 0
[14/Jul/2023 14:53:46] "GET /assessment/ HTTP/1.1" 200 60855
[14/Jul/2023 15:02:20] "GET /assessment/ HTTP/1.1" 200 60921
[14/Jul/2023 15:02:20] "GET /staticfiles/css/estilos.css HTTP/1.1" 200 4988
[14/Jul/2023 15:02:20] "GET /staticfiles/css/ass.css HTTP/1.1" 200 6765
[14/Jul/2023 15:02:21] "GET /menu/ HTTP/1.1" 200 5178
[14/Jul/2023 15:02:21] "GET /staticfiles/images/equipo2.jpg HTTP/1.1" 304 0
[14/Jul/2023 15:02:24] "GET /accounts/logout/ HTTP/1.1" 302 0
[14/Jul/2023 15:02:24] "GET / HTTP/1.1" 200 1526
[14/Jul/2023 15:02:24] "GET /staticfiles/css/estilos.css HTTP/1.1" 304 0
[14/Jul/2023 15:02:24] "GET /staticfiles/css/main.css HTTP/1.1" 200 11099
[14/Jul/2023 15:02:27] "POST / HTTP/1.1" 302 0
[14/Jul/2023 15:02:27] "GET /menu/ HTTP/1.1" 200 8155
[14/Jul/2023 15:02:27] "GET /staticfiles/css/ass.css HTTP/1.1" 304 0
[14/Jul/2023 15:02:29] "GET /exportaciones/ HTTP/1.1" 200 8359
[14/Jul/2023 15:02:29] "GET /staticfiles/css/estilos.css HTTP/1.1" 304 0
[14/Jul/2023 15:02:30] "GET /informes/ HTTP/1.1" 200 8499
[14/Jul/2023 15:02:32] "GET /mantenimientoNivelMadurez/ HTTP/1.1" 200 17096
[14/Jul/2023 15:02:32] "GET /staticfiles/css/ass.css HTTP/1.1" 304 0
[14/Jul/2023 15:08:37] "GET / HTTP/1.1" 200 1526
[14/Jul/2023 15:08:37] "GET /staticfiles/css/estilos.css HTTP/1.1" 200 4988
[14/Jul/2023 15:08:37] "GET /staticfiles/css/main.css HTTP/1.1" 200 11099
[14/Jul/2023 15:08:37] "GET /staticfiles/css/botones.css HTTP/1.1" 200 842
[14/Jul/2023 15:08:37] "GET /staticfiles/images/logo_NTTCS_CF.jpg HTTP/1.1" 304 0
[14/Jul/2023 15:08:59] "POST / HTTP/1.1" 302 0
[14/Jul/2023 15:08:59] "GET /menu/ HTTP/1.1" 200 8155
[14/Jul/2023 15:08:59] "GET /staticfiles/css/ass.css HTTP/1.1" 200 6765
[14/Jul/2023 15:09:00] "GET /staticfiles/images/equipo2.jpg HTTP/1.1" 200 16151
[14/Jul/2023 15:09:00] "GET /staticfiles/images/logo_NTTData.jpg HTTP/1.1" 304 0
[14/Jul/2023 15:09:07] "GET /assessmentselect/ HTTP/1.1" 200 20056
[14/Jul/2023 15:09:08] "GET /informes/ HTTP/1.1" 200 8499
[14/Jul/2023 15:09:11] "GET /exportaciones/ HTTP/1.1" 200 8359
[14/Jul/2023 15:09:19] "GET /mantenimientoNivelMadurez/ HTTP/1.1" 200 17096
[14/Jul/2023 15:09:19] "GET /staticfiles/css/estilos.css HTTP/1.1" 304 0
[14/Jul/2023 15:09:22] "GET /MantenimientoAssessmentArchivados/ HTTP/1.1" 200 13254
[14/Jul/2023 15:09:25] "GET /MantenimientoMarcosExistentes/ HTTP/1.1" 200 38833
[14/Jul/2023 15:09:31] "GET /MantenimientoDominios/ HTTP/1.1" 200 58548
[14/Jul/2023 15:09:39] "GET /accounts/logout/ HTTP/1.1" 302 0
[14/Jul/2023 15:09:39] "GET / HTTP/1.1" 200 1526
[14/Jul/2023 15:09:39] "GET /staticfiles/css/main.css HTTP/1.1" 304 0
[14/Jul/2023 15:09:39] "GET /staticfiles/css/botones.css HTTP/1.1" 304 0
[14/Jul/2023 15:18:22] "GET / HTTP/1.1" 200 1526
[14/Jul/2023 15:18:22] "GET /staticfiles/css/main.css HTTP/1.1" 304 0
[14/Jul/2023 15:18:22] "GET /staticfiles/css/estilos.css HTTP/1.1" 304 0
[14/Jul/2023 15:18:48] "POST / HTTP/1.1" 302 0
[14/Jul/2023 15:18:48] "GET /menu/ HTTP/1.1" 200 8155
[14/Jul/2023 15:18:48] "GET /staticfiles/css/ass.css HTTP/1.1" 304 0
[14/Jul/2023 15:18:48] "GET /staticfiles/images/equipo2.jpg HTTP/1.1" 304 0
[14/Jul/2023 15:18:56] "GET /assessmentselect/ HTTP/1.1" 200 20056
[14/Jul/2023 15:18:57] "GET /informes/ HTTP/1.1" 200 8499
[14/Jul/2023 15:18:57] "GET /exportaciones/ HTTP/1.1" 200 8359
[14/Jul/2023 15:18:59] "GET /mantenimientoNivelMadurez/ HTTP/1.1" 200 17096
[14/Jul/2023 15:19:01] "GET /accounts/logout/ HTTP/1.1" 302 0
[14/Jul/2023 15:19:01] "GET / HTTP/1.1" 200 1526
[14/Jul/2023 15:19:06] "POST / HTTP/1.1" 302 0
[14/Jul/2023 15:19:06] "GET /menu/ HTTP/1.1" 200 6270
[14/Jul/2023 15:19:18] "GET /assessmentselect/ HTTP/1.1" 200 18171
[14/Jul/2023 15:19:25] "POST /assessmentselect/ HTTP/1.1" 302 0
[14/Jul/2023 15:19:25] "GET /assessment/ HTTP/1.1" 200 64391
[14/Jul/2023 15:19:43] "GET /accounts/logout/ HTTP/1.1" 302 0
[14/Jul/2023 15:19:43] "GET / HTTP/1.1" 200 1526
[14/Jul/2023 15:19:47] "POST / HTTP/1.1" 302 0
[14/Jul/2023 15:19:47] "GET /menu/ HTTP/1.1" 200 5178
[14/Jul/2023 15:19:49] "GET /assessmentselect/ HTTP/1.1" 200 6163
[14/Jul/2023 15:19:53] "POST /assessmentselect/ HTTP/1.1" 302 0
[14/Jul/2023 15:19:53] "GET /assessment/ HTTP/1.1" 200 60921
[14/Jul/2023 15:19:59] "POST /assessment/ HTTP/1.1" 200 71753
[14/Jul/2023 15:20:18] "GET /accounts/logout/ HTTP/1.1" 302 0
[14/Jul/2023 15:20:18] "GET / HTTP/1.1" 200 1526
[14/Jul/2023 15:20:18] "GET /staticfiles/css/main.css HTTP/1.1" 304 0
[14/Jul/2023 15:20:18] "GET /staticfiles/css/estilos.css HTTP/1.1" 304 0
[14/Jul/2023 15:24:32] "POST / HTTP/1.1" 302 0
[14/Jul/2023 15:24:32] "GET /menu/ HTTP/1.1" 200 8155
[14/Jul/2023 15:24:33] "GET /staticfiles/css/ass.css HTTP/1.1" 200 6735
[14/Jul/2023 15:24:33] "GET /staticfiles/css/estilos.css HTTP/1.1" 304 0
[14/Jul/2023 15:24:33] "GET /staticfiles/images/equipo2.jpg HTTP/1.1" 304 0
[14/Jul/2023 15:24:35] "GET /assessmentselect/ HTTP/1.1" 200 20056
[14/Jul/2023 15:24:36] "GET /staticfiles/css/ass.css HTTP/1.1" 304 0
[14/Jul/2023 15:24:37] "POST /assessmentselect/ HTTP/1.1" 302 0
[14/Jul/2023 15:24:37] "GET /assessment/ HTTP/1.1" 200 66276
[14/Jul/2023 15:24:43] "GET /mantenimientoNivelMadurez/ HTTP/1.1" 200 17096
[14/Jul/2023 15:24:44] "GET /staticfiles/css/ass.css HTTP/1.1" 304 0
