Watching for file changes with StatReloader
[20/Jul/2023 11:02:58] "GET / HTTP/1.1" 200 1515
[20/Jul/2023 11:02:58] "GET /staticfiles/css/estilos.css HTTP/1.1" 304 0
[20/Jul/2023 11:03:01] "GET / HTTP/1.1" 200 1515
[20/Jul/2023 11:03:01] "GET /staticfiles/images/logo_NTTCS_CF.jpg HTTP/1.1" 200 20664
[20/Jul/2023 11:03:01] "GET /staticfiles/css/main.css HTTP/1.1" 200 11099
[20/Jul/2023 11:03:05] "POST / HTTP/1.1" 302 0
[20/Jul/2023 11:03:05] "GET /menu/ HTTP/1.1" 200 9360
[20/Jul/2023 11:03:07] "GET /assessmentselect/ HTTP/1.1" 200 21894
[20/Jul/2023 11:03:13] "POST / HTTP/1.1" 302 0
[20/Jul/2023 11:03:13] "GET /menu/ HTTP/1.1" 200 9360
[20/Jul/2023 11:03:13] "GET /staticfiles/css/ass.css HTTP/1.1" 200 6958
[20/Jul/2023 11:03:18] "GET /assessmentselect/ HTTP/1.1" 200 21894
[20/Jul/2023 11:03:20] "GET /MantenimientoAssessmentArchivados/ HTTP/1.1" 200 10068
Internal Server Error: /MantenimientoAssessmentArchivados/
Traceback (most recent call last):
  File "C:\Users\administrator\AppData\Local\Programs\Python\Python311\Lib\site-packages\mysql\connector\connection_cext.py", line 611, in cmd_query
    self._cmysql.query(
_mysql_connector.MySQLInterfaceError: Table 'nttcs_cf.pruebaassess8' doesn't exist

The above exception was the direct cause of the following exception:

Traceback (most recent call last):
  File "C:\Users\administrator\AppData\Local\Programs\Python\Python311\Lib\site-packages\django\core\handlers\exception.py", line 55, in inner
    response = get_response(request)
               ^^^^^^^^^^^^^^^^^^^^^
  File "C:\Users\administrator\AppData\Local\Programs\Python\Python311\Lib\site-packages\django\core\handlers\base.py", line 197, in _get_response
    response = wrapped_callback(request, *callback_args, **callback_kwargs)
               ^^^^^^^^^^^^^^^^^^^^^^^^^^^^^^^^^^^^^^^^^^^^^^^^^^^^^^^^^^^^
  File "C:\Users\administrator\AppData\Local\Programs\Python\Python311\Lib\site-packages\django\views\generic\base.py", line 104, in view
    return self.dispatch(request, *args, **kwargs)
           ^^^^^^^^^^^^^^^^^^^^^^^^^^^^^^^^^^^^^^^
  File "C:\Users\administrator\AppData\Local\Programs\Python\Python311\Lib\site-packages\django\contrib\auth\mixins.py", line 73, in dispatch
    return super().dispatch(request, *args, **kwargs)
           ^^^^^^^^^^^^^^^^^^^^^^^^^^^^^^^^^^^^^^^^^^
  File "C:\Users\administrator\AppData\Local\Programs\Python\Python311\Lib\site-packages\django\views\generic\base.py", line 143, in dispatch
    return handler(request, *args, **kwargs)
           ^^^^^^^^^^^^^^^^^^^^^^^^^^^^^^^^^
  File "C:\Users\administrator\Documents\NTTCS_Control_Framework\NTTCS_CF_project\homepage\views.py", line 1058, in post
    mycursor.execute("SELECT * FROM " + selector)  # realizamos la consulta para obtener los contrloles
    ^^^^^^^^^^^^^^^^^^^^^^^^^^^^^^^^^^^^^^^^^^^^^
  File "C:\Users\administrator\AppData\Local\Programs\Python\Python311\Lib\site-packages\mysql\connector\cursor_cext.py", line 330, in execute
    result = self._cnx.cmd_query(
             ^^^^^^^^^^^^^^^^^^^^
  File "C:\Users\administrator\AppData\Local\Programs\Python\Python311\Lib\site-packages\mysql\connector\connection_cext.py", line 619, in cmd_query
    raise get_mysql_exception(
mysql.connector.errors.ProgrammingError: 1146 (42S02): Table 'nttcs_cf.pruebaassess8' doesn't exist
[20/Jul/2023 11:03:27] "POST /MantenimientoAssessmentArchivados/ HTTP/1.1" 500 91225
[20/Jul/2023 11:03:38] "GET /MantenimientoAssessmentArchivados/ HTTP/1.1" 200 10068
[20/Jul/2023 11:03:52] "GET /MantenimientoAssessmentArchivados/ HTTP/1.1" 200 10068
[20/Jul/2023 11:03:52] "GET /staticfiles/css/estilos.css HTTP/1.1" 304 0
[20/Jul/2023 11:04:14] "GET /MantenimientoAssessmentArchivados/ HTTP/1.1" 200 9931
[20/Jul/2023 11:04:14] "GET /staticfiles/css/ass.css HTTP/1.1" 200 6958
[20/Jul/2023 11:04:14] "GET /staticfiles/js/scripts.js HTTP/1.1" 200 1798
[20/Jul/2023 11:04:14] "GET /staticfiles/css/estilos.css HTTP/1.1" 200 5831
[20/Jul/2023 11:04:15] "GET /staticfiles/images/logo_NTTCS_CF.jpg HTTP/1.1" 200 20664
[20/Jul/2023 11:04:15] "GET /staticfiles/images/logo_NTTData.jpg HTTP/1.1" 200 2121
[20/Jul/2023 11:04:15] "GET /staticfiles/images/logo_NTTCS_CF.jpg HTTP/1.1" 200 20664
C:\Users\administrator\Documents\NTTCS_Control_Framework\NTTCS_CF_project\homepage\views.py changed, reloading.
Performing system checks...

System check identified no issues (0 silenced).
July 20, 2023 - 11:02:58
Django version 4.2.2, using settings 'NTTCS_CF_project.settings'
Starting development server at http://127.0.0.1:24747/
Quit the server with CTRL-BREAK.

Watching for file changes with StatReloader
[20/Jul/2023 11:05:02] "GET /assessmentselect/ HTTP/1.1" 200 21894
[20/Jul/2023 11:05:02] "GET /staticfiles/images/logo_NTTCS_CF.jpg HTTP/1.1" 200 20664
[20/Jul/2023 11:05:07] "POST /assessmentselect/ HTTP/1.1" 302 0
[20/Jul/2023 11:05:07] "GET /assessment/ HTTP/1.1" 200 86875
[20/Jul/2023 11:05:18] "POST /assessment/ HTTP/1.1" 200 94691
[20/Jul/2023 11:05:34] "POST /assessment/ HTTP/1.1" 200 94743
[20/Jul/2023 11:05:41] "POST /assessment/ HTTP/1.1" 302 0
[20/Jul/2023 11:05:41] "GET /menu/ HTTP/1.1" 200 9360
[20/Jul/2023 11:05:45] "GET /MantenimientoAssessmentArchivados/ HTTP/1.1" 200 10068
[20/Jul/2023 11:05:47] "POST /MantenimientoAssessmentArchivados/ HTTP/1.1" 200 3442095
C:\Users\administrator\Documents\NTTCS_Control_Framework\NTTCS_CF_project\homepage\views.py changed, reloading.
Performing system checks...

System check identified no issues (0 silenced).
July 20, 2023 - 11:04:58
Django version 4.2.2, using settings 'NTTCS_CF_project.settings'
Starting development server at http://127.0.0.1:24747/
Quit the server with CTRL-BREAK.

NTT-AST-07
Watching for file changes with StatReloader
[20/Jul/2023 11:06:04] "POST /MantenimientoAssessmentArchivados/ HTTP/1.1" 200 3442095
Internal Server Error: /MantenimientoAssessmentArchivados/
Traceback (most recent call last):
  File "C:\Users\administrator\AppData\Local\Programs\Python\Python311\Lib\site-packages\django\core\handlers\exception.py", line 55, in inner
    response = get_response(request)
               ^^^^^^^^^^^^^^^^^^^^^
  File "C:\Users\administrator\AppData\Local\Programs\Python\Python311\Lib\site-packages\django\core\handlers\base.py", line 197, in _get_response
    response = wrapped_callback(request, *callback_args, **callback_kwargs)
               ^^^^^^^^^^^^^^^^^^^^^^^^^^^^^^^^^^^^^^^^^^^^^^^^^^^^^^^^^^^^
  File "C:\Users\administrator\AppData\Local\Programs\Python\Python311\Lib\site-packages\django\views\generic\base.py", line 104, in view
    return self.dispatch(request, *args, **kwargs)
           ^^^^^^^^^^^^^^^^^^^^^^^^^^^^^^^^^^^^^^^
  File "C:\Users\administrator\AppData\Local\Programs\Python\Python311\Lib\site-packages\django\contrib\auth\mixins.py", line 73, in dispatch
    return super().dispatch(request, *args, **kwargs)
           ^^^^^^^^^^^^^^^^^^^^^^^^^^^^^^^^^^^^^^^^^^
  File "C:\Users\administrator\AppData\Local\Programs\Python\Python311\Lib\site-packages\django\views\generic\base.py", line 143, in dispatch
    return handler(request, *args, **kwargs)
           ^^^^^^^^^^^^^^^^^^^^^^^^^^^^^^^^^
  File "C:\Users\administrator\Documents\NTTCS_Control_Framework\NTTCS_CF_project\homepage\views.py", line 1123, in post
    if Evidencias.objects.filter(assessment=consulta).exists() == True:
       ^^^^^^^^^^^^^^^^^^^^^^^^^^^^^^^^^^^^^^^^^^^^^^
  File "C:\Users\administrator\AppData\Local\Programs\Python\Python311\Lib\site-packages\django\db\models\manager.py", line 87, in manager_method
    return getattr(self.get_queryset(), name)(*args, **kwargs)
           ^^^^^^^^^^^^^^^^^^^^^^^^^^^^^^^^^^^^^^^^^^^^^^^^^^^
  File "C:\Users\administrator\AppData\Local\Programs\Python\Python311\Lib\site-packages\django\db\models\query.py", line 1436, in filter
    return self._filter_or_exclude(False, args, kwargs)
           ^^^^^^^^^^^^^^^^^^^^^^^^^^^^^^^^^^^^^^^^^^^^
  File "C:\Users\administrator\AppData\Local\Programs\Python\Python311\Lib\site-packages\django\db\models\query.py", line 1454, in _filter_or_exclude
    clone._filter_or_exclude_inplace(negate, args, kwargs)
  File "C:\Users\administrator\AppData\Local\Programs\Python\Python311\Lib\site-packages\django\db\models\query.py", line 1461, in _filter_or_exclude_inplace
    self._query.add_q(Q(*args, **kwargs))
  File "C:\Users\administrator\AppData\Local\Programs\Python\Python311\Lib\site-packages\django\db\models\sql\query.py", line 1534, in add_q
    clause, _ = self._add_q(q_object, self.used_aliases)
                ^^^^^^^^^^^^^^^^^^^^^^^^^^^^^^^^^^^^^^^^
  File "C:\Users\administrator\AppData\Local\Programs\Python\Python311\Lib\site-packages\django\db\models\sql\query.py", line 1565, in _add_q
    child_clause, needed_inner = self.build_filter(
                                 ^^^^^^^^^^^^^^^^^^
  File "C:\Users\administrator\AppData\Local\Programs\Python\Python311\Lib\site-packages\django\db\models\sql\query.py", line 1480, in build_filter
    condition = self.build_lookup(lookups, col, value)
                ^^^^^^^^^^^^^^^^^^^^^^^^^^^^^^^^^^^^^^
  File "C:\Users\administrator\AppData\Local\Programs\Python\Python311\Lib\site-packages\django\db\models\sql\query.py", line 1307, in build_lookup
    lookup = lookup_class(lhs, rhs)
             ^^^^^^^^^^^^^^^^^^^^^^
  File "C:\Users\administrator\AppData\Local\Programs\Python\Python311\Lib\site-packages\django\db\models\lookups.py", line 27, in __init__
    self.rhs = self.get_prep_lookup()
               ^^^^^^^^^^^^^^^^^^^^^^
  File "C:\Users\administrator\AppData\Local\Programs\Python\Python311\Lib\site-packages\django\db\models\fields\related_lookups.py", line 168, in get_prep_lookup
    return super().get_prep_lookup()
           ^^^^^^^^^^^^^^^^^^^^^^^^^
  File "C:\Users\administrator\AppData\Local\Programs\Python\Python311\Lib\site-packages\django\db\models\lookups.py", line 337, in get_prep_lookup
    raise ValueError(
ValueError: The QuerySet value for an exact lookup must be limited to one result using slicing.
[20/Jul/2023 11:06:09] "POST /MantenimientoAssessmentArchivados/ HTTP/1.1" 500 133510
C:\Users\administrator\Documents\NTTCS_Control_Framework\NTTCS_CF_project\homepage\views.py changed, reloading.
Performing system checks...

System check identified no issues (0 silenced).
July 20, 2023 - 11:06:01
Django version 4.2.2, using settings 'NTTCS_CF_project.settings'
Starting development server at http://127.0.0.1:24747/
Quit the server with CTRL-BREAK.

Watching for file changes with StatReloader
[20/Jul/2023 11:07:35] "POST /MantenimientoAssessmentArchivados/ HTTP/1.1" 200 3442095
[20/Jul/2023 11:07:37] "GET /staticfiles/css/estilos.css HTTP/1.1" 200 5831
[20/Jul/2023 11:07:37] "GET /staticfiles/css/ass.css HTTP/1.1" 200 6958
[20/Jul/2023 11:07:37] "GET /staticfiles/js/scripts.js HTTP/1.1" 200 1798
[20/Jul/2023 11:07:38] "GET /staticfiles/images/logo_NTTData.jpg HTTP/1.1" 200 2121
[20/Jul/2023 11:07:38] "GET /staticfiles/images/logo_NTTCS_CF.jpg HTTP/1.1" 200 20664
[20/Jul/2023 11:07:38] "GET /staticfiles/images/logo_NTTCS_CF.jpg HTTP/1.1" 200 20664
Internal Server Error: /MantenimientoAssessmentArchivados/
Traceback (most recent call last):
  File "C:\Users\administrator\AppData\Local\Programs\Python\Python311\Lib\site-packages\django\core\handlers\exception.py", line 55, in inner
    response = get_response(request)
               ^^^^^^^^^^^^^^^^^^^^^
  File "C:\Users\administrator\AppData\Local\Programs\Python\Python311\Lib\site-packages\django\core\handlers\base.py", line 197, in _get_response
    response = wrapped_callback(request, *callback_args, **callback_kwargs)
               ^^^^^^^^^^^^^^^^^^^^^^^^^^^^^^^^^^^^^^^^^^^^^^^^^^^^^^^^^^^^
  File "C:\Users\administrator\AppData\Local\Programs\Python\Python311\Lib\site-packages\django\views\generic\base.py", line 104, in view
    return self.dispatch(request, *args, **kwargs)
           ^^^^^^^^^^^^^^^^^^^^^^^^^^^^^^^^^^^^^^^
  File "C:\Users\administrator\AppData\Local\Programs\Python\Python311\Lib\site-packages\django\contrib\auth\mixins.py", line 73, in dispatch
    return super().dispatch(request, *args, **kwargs)
           ^^^^^^^^^^^^^^^^^^^^^^^^^^^^^^^^^^^^^^^^^^
  File "C:\Users\administrator\AppData\Local\Programs\Python\Python311\Lib\site-packages\django\views\generic\base.py", line 143, in dispatch
    return handler(request, *args, **kwargs)
           ^^^^^^^^^^^^^^^^^^^^^^^^^^^^^^^^^
  File "C:\Users\administrator\Documents\NTTCS_Control_Framework\NTTCS_CF_project\homepage\views.py", line 1123, in post
    if Evidencias.objects.get(assessment=consulta).exists() == True:
       ^^^^^^^^^^^^^^^^^^^^^^^^^^^^^^^^^^^^^^^^^^^
  File "C:\Users\administrator\AppData\Local\Programs\Python\Python311\Lib\site-packages\django\db\models\manager.py", line 87, in manager_method
    return getattr(self.get_queryset(), name)(*args, **kwargs)
           ^^^^^^^^^^^^^^^^^^^^^^^^^^^^^^^^^^^^^^^^^^^^^^^^^^^
  File "C:\Users\administrator\AppData\Local\Programs\Python\Python311\Lib\site-packages\django\db\models\query.py", line 623, in get
    clone = self._chain() if self.query.combinator else self.filter(*args, **kwargs)
                                                        ^^^^^^^^^^^^^^^^^^^^^^^^^^^^
  File "C:\Users\administrator\AppData\Local\Programs\Python\Python311\Lib\site-packages\django\db\models\query.py", line 1436, in filter
    return self._filter_or_exclude(False, args, kwargs)
           ^^^^^^^^^^^^^^^^^^^^^^^^^^^^^^^^^^^^^^^^^^^^
  File "C:\Users\administrator\AppData\Local\Programs\Python\Python311\Lib\site-packages\django\db\models\query.py", line 1454, in _filter_or_exclude
    clone._filter_or_exclude_inplace(negate, args, kwargs)
  File "C:\Users\administrator\AppData\Local\Programs\Python\Python311\Lib\site-packages\django\db\models\query.py", line 1461, in _filter_or_exclude_inplace
    self._query.add_q(Q(*args, **kwargs))
  File "C:\Users\administrator\AppData\Local\Programs\Python\Python311\Lib\site-packages\django\db\models\sql\query.py", line 1534, in add_q
    clause, _ = self._add_q(q_object, self.used_aliases)
                ^^^^^^^^^^^^^^^^^^^^^^^^^^^^^^^^^^^^^^^^
  File "C:\Users\administrator\AppData\Local\Programs\Python\Python311\Lib\site-packages\django\db\models\sql\query.py", line 1565, in _add_q
    child_clause, needed_inner = self.build_filter(
                                 ^^^^^^^^^^^^^^^^^^
  File "C:\Users\administrator\AppData\Local\Programs\Python\Python311\Lib\site-packages\django\db\models\sql\query.py", line 1480, in build_filter
    condition = self.build_lookup(lookups, col, value)
                ^^^^^^^^^^^^^^^^^^^^^^^^^^^^^^^^^^^^^^
  File "C:\Users\administrator\AppData\Local\Programs\Python\Python311\Lib\site-packages\django\db\models\sql\query.py", line 1307, in build_lookup
    lookup = lookup_class(lhs, rhs)
             ^^^^^^^^^^^^^^^^^^^^^^
  File "C:\Users\administrator\AppData\Local\Programs\Python\Python311\Lib\site-packages\django\db\models\lookups.py", line 27, in __init__
    self.rhs = self.get_prep_lookup()
               ^^^^^^^^^^^^^^^^^^^^^^
  File "C:\Users\administrator\AppData\Local\Programs\Python\Python311\Lib\site-packages\django\db\models\fields\related_lookups.py", line 168, in get_prep_lookup
    return super().get_prep_lookup()
           ^^^^^^^^^^^^^^^^^^^^^^^^^
  File "C:\Users\administrator\AppData\Local\Programs\Python\Python311\Lib\site-packages\django\db\models\lookups.py", line 337, in get_prep_lookup
    raise ValueError(
ValueError: The QuerySet value for an exact lookup must be limited to one result using slicing.
[20/Jul/2023 11:07:41] "POST /MantenimientoAssessmentArchivados/ HTTP/1.1" 500 138255
C:\Users\administrator\Documents\NTTCS_Control_Framework\NTTCS_CF_project\homepage\views.py changed, reloading.
Performing system checks...

System check identified no issues (0 silenced).
July 20, 2023 - 11:07:32
Django version 4.2.2, using settings 'NTTCS_CF_project.settings'
Starting development server at http://127.0.0.1:24747/
Quit the server with CTRL-BREAK.

Watching for file changes with StatReloader
[20/Jul/2023 11:08:25] "POST /MantenimientoAssessmentArchivados/ HTTP/1.1" 200 3442095
[20/Jul/2023 11:08:26] "GET /staticfiles/css/estilos.css HTTP/1.1" 200 5831
[20/Jul/2023 11:08:26] "GET /staticfiles/js/scripts.js HTTP/1.1" 200 1798
[20/Jul/2023 11:08:26] "GET /staticfiles/css/ass.css HTTP/1.1" 200 6958
[20/Jul/2023 11:08:26] "GET /staticfiles/images/logo_NTTData.jpg HTTP/1.1" 200 2121
[20/Jul/2023 11:08:26] "GET /staticfiles/images/logo_NTTCS_CF.jpg HTTP/1.1" 200 20664
[20/Jul/2023 11:08:27] "GET /staticfiles/images/logo_NTTCS_CF.jpg HTTP/1.1" 200 20664
[20/Jul/2023 11:08:27] "GET /menu/ HTTP/1.1" 200 9360
[20/Jul/2023 11:08:28] "GET /assessmentselect/ HTTP/1.1" 200 21784
[20/Jul/2023 11:08:29] "GET /informes/ HTTP/1.1" 200 9384
[20/Jul/2023 11:08:30] "GET /exportaciones/ HTTP/1.1" 200 12170
[20/Jul/2023 11:08:31] "GET /MantenimientoAssessmentArchivados/ HTTP/1.1" 200 10068
[20/Jul/2023 11:08:36] "POST /MantenimientoAssessmentArchivados/ HTTP/1.1" 200 3442095
[20/Jul/2023 11:08:55] "GET /assessmentselect/ HTTP/1.1" 200 21784
[20/Jul/2023 11:09:02] "POST /assessmentselect/ HTTP/1.1" 302 0
[20/Jul/2023 11:09:02] "GET /assessment/ HTTP/1.1" 200 86875
C:\Users\administrator\Documents\NTTCS_Control_Framework\NTTCS_CF_project\homepage\views.py changed, reloading.
Performing system checks...

System check identified no issues (0 silenced).
July 20, 2023 - 11:07:58
Django version 4.2.2, using settings 'NTTCS_CF_project.settings'
Starting development server at http://127.0.0.1:24747/
Quit the server with CTRL-BREAK.

Watching for file changes with StatReloader
Exception in thread django-main-thread:
Traceback (most recent call last):
  File "C:\Users\administrator\AppData\Local\Programs\Python\Python311\Lib\threading.py", line 1038, in _bootstrap_inner
    self.run()
  File "C:\Users\administrator\AppData\Local\Programs\Python\Python311\Lib\threading.py", line 975, in run
    self._target(*self._args, **self._kwargs)
  File "C:\Users\administrator\AppData\Local\Programs\Python\Python311\Lib\site-packages\django\utils\autoreload.py", line 64, in wrapper
    fn(*args, **kwargs)
  File "C:\Users\administrator\AppData\Local\Programs\Python\Python311\Lib\site-packages\django\core\management\commands\runserver.py", line 133, in inner_run
    self.check(display_num_errors=True)
  File "C:\Users\administrator\AppData\Local\Programs\Python\Python311\Lib\site-packages\django\core\management\base.py", line 485, in check
    all_issues = checks.run_checks(
                 ^^^^^^^^^^^^^^^^^^
  File "C:\Users\administrator\AppData\Local\Programs\Python\Python311\Lib\site-packages\django\core\checks\registry.py", line 88, in run_checks
    new_errors = check(app_configs=app_configs, databases=databases)
                 ^^^^^^^^^^^^^^^^^^^^^^^^^^^^^^^^^^^^^^^^^^^^^^^^^^^
  File "C:\Users\administrator\AppData\Local\Programs\Python\Python311\Lib\site-packages\django\core\checks\urls.py", line 42, in check_url_namespaces_unique
    all_namespaces = _load_all_namespaces(resolver)
                     ^^^^^^^^^^^^^^^^^^^^^^^^^^^^^^
  File "C:\Users\administrator\AppData\Local\Programs\Python\Python311\Lib\site-packages\django\core\checks\urls.py", line 61, in _load_all_namespaces
    url_patterns = getattr(resolver, "url_patterns", [])
                   ^^^^^^^^^^^^^^^^^^^^^^^^^^^^^^^^^^^^^
  File "C:\Users\administrator\AppData\Local\Programs\Python\Python311\Lib\site-packages\django\utils\functional.py", line 57, in __get__
    res = instance.__dict__[self.name] = self.func(instance)
                                         ^^^^^^^^^^^^^^^^^^^
  File "C:\Users\administrator\AppData\Local\Programs\Python\Python311\Lib\site-packages\django\urls\resolvers.py", line 715, in url_patterns
    patterns = getattr(self.urlconf_module, "urlpatterns", self.urlconf_module)
                       ^^^^^^^^^^^^^^^^^^^
  File "C:\Users\administrator\AppData\Local\Programs\Python\Python311\Lib\site-packages\django\utils\functional.py", line 57, in __get__
    res = instance.__dict__[self.name] = self.func(instance)
                                         ^^^^^^^^^^^^^^^^^^^
  File "C:\Users\administrator\AppData\Local\Programs\Python\Python311\Lib\site-packages\django\urls\resolvers.py", line 708, in urlconf_module
    return import_module(self.urlconf_name)
           ^^^^^^^^^^^^^^^^^^^^^^^^^^^^^^^^
  File "C:\Users\administrator\AppData\Local\Programs\Python\Python311\Lib\importlib\__init__.py", line 126, in import_module
    return _bootstrap._gcd_import(name[level:], package, level)
           ^^^^^^^^^^^^^^^^^^^^^^^^^^^^^^^^^^^^^^^^^^^^^^^^^^^^
  File "<frozen importlib._bootstrap>", line 1204, in _gcd_import
  File "<frozen importlib._bootstrap>", line 1176, in _find_and_load
  File "<frozen importlib._bootstrap>", line 1147, in _find_and_load_unlocked
  File "<frozen importlib._bootstrap>", line 690, in _load_unlocked
  File "<frozen importlib._bootstrap_external>", line 940, in exec_module
  File "<frozen importlib._bootstrap>", line 241, in _call_with_frames_removed
  File "C:\Users\administrator\Documents\NTTCS_Control_Framework\NTTCS_CF_project\NTTCS_CF_project\urls.py", line 22, in <module>
    path('', include('homepage.urls')),
             ^^^^^^^^^^^^^^^^^^^^^^^^
  File "C:\Users\administrator\AppData\Local\Programs\Python\Python311\Lib\site-packages\django\urls\conf.py", line 38, in include
    urlconf_module = import_module(urlconf_module)
                     ^^^^^^^^^^^^^^^^^^^^^^^^^^^^^
  File "C:\Users\administrator\AppData\Local\Programs\Python\Python311\Lib\importlib\__init__.py", line 126, in import_module
    return _bootstrap._gcd_import(name[level:], package, level)
           ^^^^^^^^^^^^^^^^^^^^^^^^^^^^^^^^^^^^^^^^^^^^^^^^^^^^
  File "<frozen importlib._bootstrap>", line 1204, in _gcd_import
  File "<frozen importlib._bootstrap>", line 1176, in _find_and_load
  File "<frozen importlib._bootstrap>", line 1147, in _find_and_load_unlocked
  File "<frozen importlib._bootstrap>", line 690, in _load_unlocked
  File "<frozen importlib._bootstrap_external>", line 940, in exec_module
  File "<frozen importlib._bootstrap>", line 241, in _call_with_frames_removed
  File "C:\Users\administrator\Documents\NTTCS_Control_Framework\NTTCS_CF_project\homepage\urls.py", line 2, in <module>
    from . import views
  File "C:\Users\administrator\Documents\NTTCS_Control_Framework\NTTCS_CF_project\homepage\views.py", line 1123
    if Evidencias.objects.filter(assessment=request.session.get('seleccion').exists() == True:
                                                                                             ^
SyntaxError: invalid syntax
C:\Users\administrator\Documents\NTTCS_Control_Framework\NTTCS_CF_project\homepage\views.py changed, reloading.
Performing system checks...

Watching for file changes with StatReloader
[20/Jul/2023 11:10:37] "GET /assessmentselect/ HTTP/1.1" 200 21784
[20/Jul/2023 11:10:40] "GET /MantenimientoAssessmentArchivados/ HTTP/1.1" 200 10068
[20/Jul/2023 11:10:42] "POST /MantenimientoAssessmentArchivados/ HTTP/1.1" 200 3442095
Internal Server Error: /MantenimientoAssessmentArchivados/
Traceback (most recent call last):
  File "C:\Users\administrator\AppData\Local\Programs\Python\Python311\Lib\site-packages\django\core\handlers\exception.py", line 55, in inner
    response = get_response(request)
               ^^^^^^^^^^^^^^^^^^^^^
  File "C:\Users\administrator\AppData\Local\Programs\Python\Python311\Lib\site-packages\django\core\handlers\base.py", line 197, in _get_response
    response = wrapped_callback(request, *callback_args, **callback_kwargs)
               ^^^^^^^^^^^^^^^^^^^^^^^^^^^^^^^^^^^^^^^^^^^^^^^^^^^^^^^^^^^^
  File "C:\Users\administrator\AppData\Local\Programs\Python\Python311\Lib\site-packages\django\views\generic\base.py", line 104, in view
    return self.dispatch(request, *args, **kwargs)
           ^^^^^^^^^^^^^^^^^^^^^^^^^^^^^^^^^^^^^^^
  File "C:\Users\administrator\AppData\Local\Programs\Python\Python311\Lib\site-packages\django\contrib\auth\mixins.py", line 73, in dispatch
    return super().dispatch(request, *args, **kwargs)
           ^^^^^^^^^^^^^^^^^^^^^^^^^^^^^^^^^^^^^^^^^^
  File "C:\Users\administrator\AppData\Local\Programs\Python\Python311\Lib\site-packages\django\views\generic\base.py", line 143, in dispatch
    return handler(request, *args, **kwargs)
           ^^^^^^^^^^^^^^^^^^^^^^^^^^^^^^^^^
  File "C:\Users\administrator\Documents\NTTCS_Control_Framework\NTTCS_CF_project\homepage\views.py", line 1124, in post
    c = Evidencias.objects.filter(assessment=consulta)
        ^^^^^^^^^^^^^^^^^^^^^^^^^^^^^^^^^^^^^^^^^^^^^^
  File "C:\Users\administrator\AppData\Local\Programs\Python\Python311\Lib\site-packages\django\db\models\manager.py", line 87, in manager_method
    return getattr(self.get_queryset(), name)(*args, **kwargs)
           ^^^^^^^^^^^^^^^^^^^^^^^^^^^^^^^^^^^^^^^^^^^^^^^^^^^
  File "C:\Users\administrator\AppData\Local\Programs\Python\Python311\Lib\site-packages\django\db\models\query.py", line 1436, in filter
    return self._filter_or_exclude(False, args, kwargs)
           ^^^^^^^^^^^^^^^^^^^^^^^^^^^^^^^^^^^^^^^^^^^^
  File "C:\Users\administrator\AppData\Local\Programs\Python\Python311\Lib\site-packages\django\db\models\query.py", line 1454, in _filter_or_exclude
    clone._filter_or_exclude_inplace(negate, args, kwargs)
  File "C:\Users\administrator\AppData\Local\Programs\Python\Python311\Lib\site-packages\django\db\models\query.py", line 1461, in _filter_or_exclude_inplace
    self._query.add_q(Q(*args, **kwargs))
  File "C:\Users\administrator\AppData\Local\Programs\Python\Python311\Lib\site-packages\django\db\models\sql\query.py", line 1534, in add_q
    clause, _ = self._add_q(q_object, self.used_aliases)
                ^^^^^^^^^^^^^^^^^^^^^^^^^^^^^^^^^^^^^^^^
  File "C:\Users\administrator\AppData\Local\Programs\Python\Python311\Lib\site-packages\django\db\models\sql\query.py", line 1565, in _add_q
    child_clause, needed_inner = self.build_filter(
                                 ^^^^^^^^^^^^^^^^^^
  File "C:\Users\administrator\AppData\Local\Programs\Python\Python311\Lib\site-packages\django\db\models\sql\query.py", line 1480, in build_filter
    condition = self.build_lookup(lookups, col, value)
                ^^^^^^^^^^^^^^^^^^^^^^^^^^^^^^^^^^^^^^
  File "C:\Users\administrator\AppData\Local\Programs\Python\Python311\Lib\site-packages\django\db\models\sql\query.py", line 1307, in build_lookup
    lookup = lookup_class(lhs, rhs)
             ^^^^^^^^^^^^^^^^^^^^^^
  File "C:\Users\administrator\AppData\Local\Programs\Python\Python311\Lib\site-packages\django\db\models\lookups.py", line 27, in __init__
    self.rhs = self.get_prep_lookup()
               ^^^^^^^^^^^^^^^^^^^^^^
  File "C:\Users\administrator\AppData\Local\Programs\Python\Python311\Lib\site-packages\django\db\models\fields\related_lookups.py", line 168, in get_prep_lookup
    return super().get_prep_lookup()
           ^^^^^^^^^^^^^^^^^^^^^^^^^
  File "C:\Users\administrator\AppData\Local\Programs\Python\Python311\Lib\site-packages\django\db\models\lookups.py", line 337, in get_prep_lookup
    raise ValueError(
ValueError: The QuerySet value for an exact lookup must be limited to one result using slicing.
[20/Jul/2023 11:10:46] "POST /MantenimientoAssessmentArchivados/ HTTP/1.1" 500 133450
[20/Jul/2023 11:10:53] "GET /MantenimientoAssessmentArchivados/ HTTP/1.1" 200 10068
[20/Jul/2023 11:10:53] "GET /staticfiles/css/estilos.css HTTP/1.1" 304 0
[20/Jul/2023 11:10:56] "POST /MantenimientoAssessmentArchivados/ HTTP/1.1" 200 3442095
[20/Jul/2023 11:11:01] "POST /MantenimientoAssessmentArchivados/ HTTP/1.1" 200 3442095
[20/Jul/2023 11:11:02] "GET /staticfiles/css/estilos.css HTTP/1.1" 200 5831
[20/Jul/2023 11:11:02] "GET /staticfiles/css/ass.css HTTP/1.1" 200 6958
[20/Jul/2023 11:11:02] "GET /staticfiles/js/scripts.js HTTP/1.1" 200 1798
[20/Jul/2023 11:11:02] "GET /staticfiles/images/logo_NTTData.jpg HTTP/1.1" 200 2121
[20/Jul/2023 11:11:02] "GET /staticfiles/images/logo_NTTCS_CF.jpg HTTP/1.1" 200 20664
[20/Jul/2023 11:11:03] "GET /staticfiles/images/logo_NTTCS_CF.jpg HTTP/1.1" 200 20664
[20/Jul/2023 11:11:14] "GET /assessmentselect/ HTTP/1.1" 200 21784
[20/Jul/2023 11:11:21] "GET /MantenimientoAssessmentArchivados/ HTTP/1.1" 200 10068
[20/Jul/2023 11:11:21] "POST /assessmentselect/ HTTP/1.1" 302 0
[20/Jul/2023 11:11:21] "GET /assessment/ HTTP/1.1" 200 86875
Internal Server Error: /MantenimientoAssessmentArchivados/
Traceback (most recent call last):
  File "C:\Users\administrator\AppData\Local\Programs\Python\Python311\Lib\site-packages\django\core\handlers\exception.py", line 55, in inner
    response = get_response(request)
               ^^^^^^^^^^^^^^^^^^^^^
  File "C:\Users\administrator\AppData\Local\Programs\Python\Python311\Lib\site-packages\django\core\handlers\base.py", line 197, in _get_response
    response = wrapped_callback(request, *callback_args, **callback_kwargs)
               ^^^^^^^^^^^^^^^^^^^^^^^^^^^^^^^^^^^^^^^^^^^^^^^^^^^^^^^^^^^^
  File "C:\Users\administrator\AppData\Local\Programs\Python\Python311\Lib\site-packages\django\views\generic\base.py", line 104, in view
    return self.dispatch(request, *args, **kwargs)
           ^^^^^^^^^^^^^^^^^^^^^^^^^^^^^^^^^^^^^^^
  File "C:\Users\administrator\AppData\Local\Programs\Python\Python311\Lib\site-packages\django\contrib\auth\mixins.py", line 73, in dispatch
    return super().dispatch(request, *args, **kwargs)
           ^^^^^^^^^^^^^^^^^^^^^^^^^^^^^^^^^^^^^^^^^^
  File "C:\Users\administrator\AppData\Local\Programs\Python\Python311\Lib\site-packages\django\views\generic\base.py", line 143, in dispatch
    return handler(request, *args, **kwargs)
           ^^^^^^^^^^^^^^^^^^^^^^^^^^^^^^^^^
  File "C:\Users\administrator\Documents\NTTCS_Control_Framework\NTTCS_CF_project\homepage\views.py", line 1124, in post
    c = Evidencias.objects.filter(assessment=consulta)
        ^^^^^^^^^^^^^^^^^^^^^^^^^^^^^^^^^^^^^^^^^^^^^^
  File "C:\Users\administrator\AppData\Local\Programs\Python\Python311\Lib\site-packages\django\db\models\manager.py", line 87, in manager_method
    return getattr(self.get_queryset(), name)(*args, **kwargs)
           ^^^^^^^^^^^^^^^^^^^^^^^^^^^^^^^^^^^^^^^^^^^^^^^^^^^
  File "C:\Users\administrator\AppData\Local\Programs\Python\Python311\Lib\site-packages\django\db\models\query.py", line 1436, in filter
    return self._filter_or_exclude(False, args, kwargs)
           ^^^^^^^^^^^^^^^^^^^^^^^^^^^^^^^^^^^^^^^^^^^^
  File "C:\Users\administrator\AppData\Local\Programs\Python\Python311\Lib\site-packages\django\db\models\query.py", line 1454, in _filter_or_exclude
    clone._filter_or_exclude_inplace(negate, args, kwargs)
  File "C:\Users\administrator\AppData\Local\Programs\Python\Python311\Lib\site-packages\django\db\models\query.py", line 1461, in _filter_or_exclude_inplace
    self._query.add_q(Q(*args, **kwargs))
  File "C:\Users\administrator\AppData\Local\Programs\Python\Python311\Lib\site-packages\django\db\models\sql\query.py", line 1534, in add_q
    clause, _ = self._add_q(q_object, self.used_aliases)
                ^^^^^^^^^^^^^^^^^^^^^^^^^^^^^^^^^^^^^^^^
  File "C:\Users\administrator\AppData\Local\Programs\Python\Python311\Lib\site-packages\django\db\models\sql\query.py", line 1565, in _add_q
    child_clause, needed_inner = self.build_filter(
                                 ^^^^^^^^^^^^^^^^^^
  File "C:\Users\administrator\AppData\Local\Programs\Python\Python311\Lib\site-packages\django\db\models\sql\query.py", line 1480, in build_filter
    condition = self.build_lookup(lookups, col, value)
                ^^^^^^^^^^^^^^^^^^^^^^^^^^^^^^^^^^^^^^
  File "C:\Users\administrator\AppData\Local\Programs\Python\Python311\Lib\site-packages\django\db\models\sql\query.py", line 1307, in build_lookup
    lookup = lookup_class(lhs, rhs)
             ^^^^^^^^^^^^^^^^^^^^^^
  File "C:\Users\administrator\AppData\Local\Programs\Python\Python311\Lib\site-packages\django\db\models\lookups.py", line 27, in __init__
    self.rhs = self.get_prep_lookup()
               ^^^^^^^^^^^^^^^^^^^^^^
  File "C:\Users\administrator\AppData\Local\Programs\Python\Python311\Lib\site-packages\django\db\models\fields\related_lookups.py", line 168, in get_prep_lookup
    return super().get_prep_lookup()
           ^^^^^^^^^^^^^^^^^^^^^^^^^
  File "C:\Users\administrator\AppData\Local\Programs\Python\Python311\Lib\site-packages\django\db\models\lookups.py", line 337, in get_prep_lookup
    raise ValueError(
ValueError: The QuerySet value for an exact lookup must be limited to one result using slicing.
[20/Jul/2023 11:11:24] "POST /MantenimientoAssessmentArchivados/ HTTP/1.1" 500 133686
[20/Jul/2023 11:11:29] "POST /MantenimientoAssessmentArchivados/ HTTP/1.1" 200 3442095
[20/Jul/2023 11:11:32] "POST /assessment/ HTTP/1.1" 200 96102
[20/Jul/2023 11:12:07] "POST /assessment/ HTTP/1.1" 200 96257
Internal Server Error: /MantenimientoAssessmentArchivados/
Traceback (most recent call last):
  File "C:\Users\administrator\AppData\Local\Programs\Python\Python311\Lib\site-packages\django\core\handlers\exception.py", line 55, in inner
    response = get_response(request)
               ^^^^^^^^^^^^^^^^^^^^^
  File "C:\Users\administrator\AppData\Local\Programs\Python\Python311\Lib\site-packages\django\core\handlers\base.py", line 197, in _get_response
    response = wrapped_callback(request, *callback_args, **callback_kwargs)
               ^^^^^^^^^^^^^^^^^^^^^^^^^^^^^^^^^^^^^^^^^^^^^^^^^^^^^^^^^^^^
  File "C:\Users\administrator\AppData\Local\Programs\Python\Python311\Lib\site-packages\django\views\generic\base.py", line 104, in view
    return self.dispatch(request, *args, **kwargs)
           ^^^^^^^^^^^^^^^^^^^^^^^^^^^^^^^^^^^^^^^
  File "C:\Users\administrator\AppData\Local\Programs\Python\Python311\Lib\site-packages\django\contrib\auth\mixins.py", line 73, in dispatch
    return super().dispatch(request, *args, **kwargs)
           ^^^^^^^^^^^^^^^^^^^^^^^^^^^^^^^^^^^^^^^^^^
  File "C:\Users\administrator\AppData\Local\Programs\Python\Python311\Lib\site-packages\django\views\generic\base.py", line 143, in dispatch
    return handler(request, *args, **kwargs)
           ^^^^^^^^^^^^^^^^^^^^^^^^^^^^^^^^^
  File "C:\Users\administrator\Documents\NTTCS_Control_Framework\NTTCS_CF_project\homepage\views.py", line 1124, in post
    c = Evidencias.objects.filter(assessment=consulta)
        ^^^^^^^^^^^^^^^^^^^^^^^^^^^^^^^^^^^^^^^^^^^^^^
  File "C:\Users\administrator\AppData\Local\Programs\Python\Python311\Lib\site-packages\django\db\models\manager.py", line 87, in manager_method
    return getattr(self.get_queryset(), name)(*args, **kwargs)
           ^^^^^^^^^^^^^^^^^^^^^^^^^^^^^^^^^^^^^^^^^^^^^^^^^^^
  File "C:\Users\administrator\AppData\Local\Programs\Python\Python311\Lib\site-packages\django\db\models\query.py", line 1436, in filter
    return self._filter_or_exclude(False, args, kwargs)
           ^^^^^^^^^^^^^^^^^^^^^^^^^^^^^^^^^^^^^^^^^^^^
  File "C:\Users\administrator\AppData\Local\Programs\Python\Python311\Lib\site-packages\django\db\models\query.py", line 1454, in _filter_or_exclude
    clone._filter_or_exclude_inplace(negate, args, kwargs)
  File "C:\Users\administrator\AppData\Local\Programs\Python\Python311\Lib\site-packages\django\db\models\query.py", line 1461, in _filter_or_exclude_inplace
    self._query.add_q(Q(*args, **kwargs))
  File "C:\Users\administrator\AppData\Local\Programs\Python\Python311\Lib\site-packages\django\db\models\sql\query.py", line 1534, in add_q
    clause, _ = self._add_q(q_object, self.used_aliases)
                ^^^^^^^^^^^^^^^^^^^^^^^^^^^^^^^^^^^^^^^^
  File "C:\Users\administrator\AppData\Local\Programs\Python\Python311\Lib\site-packages\django\db\models\sql\query.py", line 1565, in _add_q
    child_clause, needed_inner = self.build_filter(
                                 ^^^^^^^^^^^^^^^^^^
  File "C:\Users\administrator\AppData\Local\Programs\Python\Python311\Lib\site-packages\django\db\models\sql\query.py", line 1480, in build_filter
    condition = self.build_lookup(lookups, col, value)
                ^^^^^^^^^^^^^^^^^^^^^^^^^^^^^^^^^^^^^^
  File "C:\Users\administrator\AppData\Local\Programs\Python\Python311\Lib\site-packages\django\db\models\sql\query.py", line 1307, in build_lookup
    lookup = lookup_class(lhs, rhs)
             ^^^^^^^^^^^^^^^^^^^^^^
  File "C:\Users\administrator\AppData\Local\Programs\Python\Python311\Lib\site-packages\django\db\models\lookups.py", line 27, in __init__
    self.rhs = self.get_prep_lookup()
               ^^^^^^^^^^^^^^^^^^^^^^
  File "C:\Users\administrator\AppData\Local\Programs\Python\Python311\Lib\site-packages\django\db\models\fields\related_lookups.py", line 168, in get_prep_lookup
    return super().get_prep_lookup()
           ^^^^^^^^^^^^^^^^^^^^^^^^^
  File "C:\Users\administrator\AppData\Local\Programs\Python\Python311\Lib\site-packages\django\db\models\lookups.py", line 337, in get_prep_lookup
    raise ValueError(
ValueError: The QuerySet value for an exact lookup must be limited to one result using slicing.
[20/Jul/2023 11:12:08] "POST /MantenimientoAssessmentArchivados/ HTTP/1.1" 500 133866
[20/Jul/2023 11:12:12] "POST /assessment/ HTTP/1.1" 200 96257
[20/Jul/2023 11:12:22] "POST /assessment/ HTTP/1.1" 200 93738
[20/Jul/2023 11:12:46] "POST /assessment/ HTTP/1.1" 200 93850
[20/Jul/2023 11:13:06] "POST /assessment/ HTTP/1.1" 200 93850
[20/Jul/2023 11:13:54] "POST /assessment/ HTTP/1.1" 302 0
[20/Jul/2023 11:13:54] "GET /menu/ HTTP/1.1" 200 9360
[20/Jul/2023 11:13:57] "GET /MantenimientoAssessmentArchivados/ HTTP/1.1" 200 10205
[20/Jul/2023 11:14:19] "POST /MantenimientoAssessmentArchivados/ HTTP/1.1" 200 3442232
[20/Jul/2023 11:14:24] "GET /MantenimientoAssessmentArchivados/ HTTP/1.1" 200 10205
[20/Jul/2023 11:14:26] "POST /MantenimientoAssessmentArchivados/ HTTP/1.1" 200 3442226
[20/Jul/2023 11:16:31] "GET /assessmentselect/ HTTP/1.1" 200 21674
[20/Jul/2023 11:17:08] "POST /assessmentselect/ HTTP/1.1" 302 0
Internal Server Error: /assessment/
Traceback (most recent call last):
  File "C:\Users\administrator\AppData\Local\Programs\Python\Python311\Lib\site-packages\mysql\connector\connection_cext.py", line 416, in get_rows
    row = fetch_row()
          ^^^^^^^^^^^
_mysql_connector.MySQLInterfaceError: Table definition has changed, please retry transaction

The above exception was the direct cause of the following exception:

Traceback (most recent call last):
  File "C:\Users\administrator\AppData\Local\Programs\Python\Python311\Lib\site-packages\django\core\handlers\exception.py", line 55, in inner
    response = get_response(request)
               ^^^^^^^^^^^^^^^^^^^^^
  File "C:\Users\administrator\AppData\Local\Programs\Python\Python311\Lib\site-packages\django\core\handlers\base.py", line 197, in _get_response
    response = wrapped_callback(request, *callback_args, **callback_kwargs)
               ^^^^^^^^^^^^^^^^^^^^^^^^^^^^^^^^^^^^^^^^^^^^^^^^^^^^^^^^^^^^
  File "C:\Users\administrator\AppData\Local\Programs\Python\Python311\Lib\site-packages\django\views\generic\base.py", line 104, in view
    return self.dispatch(request, *args, **kwargs)
           ^^^^^^^^^^^^^^^^^^^^^^^^^^^^^^^^^^^^^^^
  File "C:\Users\administrator\AppData\Local\Programs\Python\Python311\Lib\site-packages\django\contrib\auth\mixins.py", line 73, in dispatch
    return super().dispatch(request, *args, **kwargs)
           ^^^^^^^^^^^^^^^^^^^^^^^^^^^^^^^^^^^^^^^^^^
  File "C:\Users\administrator\AppData\Local\Programs\Python\Python311\Lib\site-packages\django\views\generic\base.py", line 143, in dispatch
    return handler(request, *args, **kwargs)
           ^^^^^^^^^^^^^^^^^^^^^^^^^^^^^^^^^
  File "C:\Users\administrator\AppData\Local\Programs\Python\Python311\Lib\site-packages\django\views\generic\base.py", line 226, in get
    context = self.get_context_data(**kwargs)
              ^^^^^^^^^^^^^^^^^^^^^^^^^^^^^^^
  File "C:\Users\administrator\Documents\NTTCS_Control_Framework\NTTCS_CF_project\homepage\views.py", line 282, in get_context_data
    mycursor.execute("SELECT * FROM " + assSelect)
  File "C:\Users\administrator\AppData\Local\Programs\Python\Python311\Lib\site-packages\mysql\connector\cursor_cext.py", line 342, in execute
    self._handle_result(result)
  File "C:\Users\administrator\AppData\Local\Programs\Python\Python311\Lib\site-packages\mysql\connector\cursor_cext.py", line 230, in _handle_result
    self._handle_resultset()
  File "C:\Users\administrator\AppData\Local\Programs\Python\Python311\Lib\site-packages\mysql\connector\cursor_cext.py", line 788, in _handle_resultset
    self._rows = self._cnx.get_rows()[0]
                 ^^^^^^^^^^^^^^^^^^^^
  File "C:\Users\administrator\AppData\Local\Programs\Python\Python311\Lib\site-packages\mysql\connector\connection_cext.py", line 445, in get_rows
    raise get_mysql_exception(
mysql.connector.errors.DatabaseError: 1412 (HY000): Table definition has changed, please retry transaction
[20/Jul/2023 11:17:08] "GET /assessment/ HTTP/1.1" 500 105051
Internal Server Error: /assessmentselect/
Traceback (most recent call last):
  File "C:\Users\administrator\AppData\Local\Programs\Python\Python311\Lib\site-packages\mysql\connector\connection_cext.py", line 611, in cmd_query
    self._cmysql.query(
_mysql_connector.MySQLInterfaceError: Table 'pruebaasses8' already exists

The above exception was the direct cause of the following exception:

Traceback (most recent call last):
  File "C:\Users\administrator\AppData\Local\Programs\Python\Python311\Lib\site-packages\django\core\handlers\exception.py", line 55, in inner
    response = get_response(request)
               ^^^^^^^^^^^^^^^^^^^^^
  File "C:\Users\administrator\AppData\Local\Programs\Python\Python311\Lib\site-packages\django\core\handlers\base.py", line 197, in _get_response
    response = wrapped_callback(request, *callback_args, **callback_kwargs)
               ^^^^^^^^^^^^^^^^^^^^^^^^^^^^^^^^^^^^^^^^^^^^^^^^^^^^^^^^^^^^
  File "C:\Users\administrator\AppData\Local\Programs\Python\Python311\Lib\site-packages\django\views\generic\base.py", line 104, in view
    return self.dispatch(request, *args, **kwargs)
           ^^^^^^^^^^^^^^^^^^^^^^^^^^^^^^^^^^^^^^^
  File "C:\Users\administrator\AppData\Local\Programs\Python\Python311\Lib\site-packages\django\contrib\auth\mixins.py", line 73, in dispatch
    return super().dispatch(request, *args, **kwargs)
           ^^^^^^^^^^^^^^^^^^^^^^^^^^^^^^^^^^^^^^^^^^
  File "C:\Users\administrator\AppData\Local\Programs\Python\Python311\Lib\site-packages\django\views\generic\base.py", line 143, in dispatch
    return handler(request, *args, **kwargs)
           ^^^^^^^^^^^^^^^^^^^^^^^^^^^^^^^^^
  File "C:\Users\administrator\Documents\NTTCS_Control_Framework\NTTCS_CF_project\homepage\views.py", line 448, in post
    mycursor.execute(query)
  File "C:\Users\administrator\AppData\Local\Programs\Python\Python311\Lib\site-packages\mysql\connector\cursor_cext.py", line 330, in execute
    result = self._cnx.cmd_query(
             ^^^^^^^^^^^^^^^^^^^^
  File "C:\Users\administrator\AppData\Local\Programs\Python\Python311\Lib\site-packages\mysql\connector\connection_cext.py", line 619, in cmd_query
    raise get_mysql_exception(
mysql.connector.errors.ProgrammingError: 1050 (42S01): Table 'pruebaasses8' already exists
[20/Jul/2023 11:18:06] "POST /assessmentselect/ HTTP/1.1" 500 95535
[20/Jul/2023 11:18:11] "GET /assessmentselect/ HTTP/1.1" 200 21782
[20/Jul/2023 11:18:19] "POST /assessmentselect/ HTTP/1.1" 302 0
Internal Server Error: /assessment/
Traceback (most recent call last):
  File "C:\Users\administrator\AppData\Local\Programs\Python\Python311\Lib\site-packages\mysql\connector\connection_cext.py", line 416, in get_rows
    row = fetch_row()
          ^^^^^^^^^^^
_mysql_connector.MySQLInterfaceError: Table definition has changed, please retry transaction

The above exception was the direct cause of the following exception:

Traceback (most recent call last):
  File "C:\Users\administrator\AppData\Local\Programs\Python\Python311\Lib\site-packages\django\core\handlers\exception.py", line 55, in inner
    response = get_response(request)
               ^^^^^^^^^^^^^^^^^^^^^
  File "C:\Users\administrator\AppData\Local\Programs\Python\Python311\Lib\site-packages\django\core\handlers\base.py", line 197, in _get_response
    response = wrapped_callback(request, *callback_args, **callback_kwargs)
               ^^^^^^^^^^^^^^^^^^^^^^^^^^^^^^^^^^^^^^^^^^^^^^^^^^^^^^^^^^^^
  File "C:\Users\administrator\AppData\Local\Programs\Python\Python311\Lib\site-packages\django\views\generic\base.py", line 104, in view
    return self.dispatch(request, *args, **kwargs)
           ^^^^^^^^^^^^^^^^^^^^^^^^^^^^^^^^^^^^^^^
  File "C:\Users\administrator\AppData\Local\Programs\Python\Python311\Lib\site-packages\django\contrib\auth\mixins.py", line 73, in dispatch
    return super().dispatch(request, *args, **kwargs)
           ^^^^^^^^^^^^^^^^^^^^^^^^^^^^^^^^^^^^^^^^^^
  File "C:\Users\administrator\AppData\Local\Programs\Python\Python311\Lib\site-packages\django\views\generic\base.py", line 143, in dispatch
    return handler(request, *args, **kwargs)
           ^^^^^^^^^^^^^^^^^^^^^^^^^^^^^^^^^
  File "C:\Users\administrator\AppData\Local\Programs\Python\Python311\Lib\site-packages\django\views\generic\base.py", line 226, in get
    context = self.get_context_data(**kwargs)
              ^^^^^^^^^^^^^^^^^^^^^^^^^^^^^^^
  File "C:\Users\administrator\Documents\NTTCS_Control_Framework\NTTCS_CF_project\homepage\views.py", line 282, in get_context_data
    mycursor.execute("SELECT * FROM " + assSelect)
  File "C:\Users\administrator\AppData\Local\Programs\Python\Python311\Lib\site-packages\mysql\connector\cursor_cext.py", line 342, in execute
    self._handle_result(result)
  File "C:\Users\administrator\AppData\Local\Programs\Python\Python311\Lib\site-packages\mysql\connector\cursor_cext.py", line 230, in _handle_result
    self._handle_resultset()
  File "C:\Users\administrator\AppData\Local\Programs\Python\Python311\Lib\site-packages\mysql\connector\cursor_cext.py", line 788, in _handle_resultset
    self._rows = self._cnx.get_rows()[0]
                 ^^^^^^^^^^^^^^^^^^^^
  File "C:\Users\administrator\AppData\Local\Programs\Python\Python311\Lib\site-packages\mysql\connector\connection_cext.py", line 445, in get_rows
    raise get_mysql_exception(
mysql.connector.errors.DatabaseError: 1412 (HY000): Table definition has changed, please retry transaction
[20/Jul/2023 11:18:19] "GET /assessment/ HTTP/1.1" 500 105051
Internal Server Error: /assessmentselect/
Traceback (most recent call last):
  File "C:\Users\administrator\AppData\Local\Programs\Python\Python311\Lib\site-packages\mysql\connector\connection_cext.py", line 611, in cmd_query
    self._cmysql.query(
_mysql_connector.MySQLInterfaceError: Table 'pruebaasses9' already exists

The above exception was the direct cause of the following exception:

Traceback (most recent call last):
  File "C:\Users\administrator\AppData\Local\Programs\Python\Python311\Lib\site-packages\django\core\handlers\exception.py", line 55, in inner
    response = get_response(request)
               ^^^^^^^^^^^^^^^^^^^^^
  File "C:\Users\administrator\AppData\Local\Programs\Python\Python311\Lib\site-packages\django\core\handlers\base.py", line 197, in _get_response
    response = wrapped_callback(request, *callback_args, **callback_kwargs)
               ^^^^^^^^^^^^^^^^^^^^^^^^^^^^^^^^^^^^^^^^^^^^^^^^^^^^^^^^^^^^
  File "C:\Users\administrator\AppData\Local\Programs\Python\Python311\Lib\site-packages\django\views\generic\base.py", line 104, in view
    return self.dispatch(request, *args, **kwargs)
           ^^^^^^^^^^^^^^^^^^^^^^^^^^^^^^^^^^^^^^^
  File "C:\Users\administrator\AppData\Local\Programs\Python\Python311\Lib\site-packages\django\contrib\auth\mixins.py", line 73, in dispatch
    return super().dispatch(request, *args, **kwargs)
           ^^^^^^^^^^^^^^^^^^^^^^^^^^^^^^^^^^^^^^^^^^
  File "C:\Users\administrator\AppData\Local\Programs\Python\Python311\Lib\site-packages\django\views\generic\base.py", line 143, in dispatch
    return handler(request, *args, **kwargs)
           ^^^^^^^^^^^^^^^^^^^^^^^^^^^^^^^^^
  File "C:\Users\administrator\Documents\NTTCS_Control_Framework\NTTCS_CF_project\homepage\views.py", line 448, in post
    mycursor.execute(query)
  File "C:\Users\administrator\AppData\Local\Programs\Python\Python311\Lib\site-packages\mysql\connector\cursor_cext.py", line 330, in execute
    result = self._cnx.cmd_query(
             ^^^^^^^^^^^^^^^^^^^^
  File "C:\Users\administrator\AppData\Local\Programs\Python\Python311\Lib\site-packages\mysql\connector\connection_cext.py", line 619, in cmd_query
    raise get_mysql_exception(
mysql.connector.errors.ProgrammingError: 1050 (42S01): Table 'pruebaasses9' already exists
[20/Jul/2023 11:19:48] "POST /assessmentselect/ HTTP/1.1" 500 95535
[20/Jul/2023 11:19:51] "GET /assessmentselect/ HTTP/1.1" 200 21890
[20/Jul/2023 11:19:51] "GET /staticfiles/images/logo_NTTCS_CF.jpg HTTP/1.1" 200 20664
[20/Jul/2023 11:20:08] "POST /assessmentselect/ HTTP/1.1" 302 0
Internal Server Error: /assessment/
Traceback (most recent call last):
  File "C:\Users\administrator\AppData\Local\Programs\Python\Python311\Lib\site-packages\mysql\connector\connection_cext.py", line 416, in get_rows
    row = fetch_row()
          ^^^^^^^^^^^
_mysql_connector.MySQLInterfaceError: Table definition has changed, please retry transaction

The above exception was the direct cause of the following exception:

Traceback (most recent call last):
  File "C:\Users\administrator\AppData\Local\Programs\Python\Python311\Lib\site-packages\django\core\handlers\exception.py", line 55, in inner
    response = get_response(request)
               ^^^^^^^^^^^^^^^^^^^^^
  File "C:\Users\administrator\AppData\Local\Programs\Python\Python311\Lib\site-packages\django\core\handlers\base.py", line 197, in _get_response
    response = wrapped_callback(request, *callback_args, **callback_kwargs)
               ^^^^^^^^^^^^^^^^^^^^^^^^^^^^^^^^^^^^^^^^^^^^^^^^^^^^^^^^^^^^
  File "C:\Users\administrator\AppData\Local\Programs\Python\Python311\Lib\site-packages\django\views\generic\base.py", line 104, in view
    return self.dispatch(request, *args, **kwargs)
           ^^^^^^^^^^^^^^^^^^^^^^^^^^^^^^^^^^^^^^^
  File "C:\Users\administrator\AppData\Local\Programs\Python\Python311\Lib\site-packages\django\contrib\auth\mixins.py", line 73, in dispatch
    return super().dispatch(request, *args, **kwargs)
           ^^^^^^^^^^^^^^^^^^^^^^^^^^^^^^^^^^^^^^^^^^
  File "C:\Users\administrator\AppData\Local\Programs\Python\Python311\Lib\site-packages\django\views\generic\base.py", line 143, in dispatch
    return handler(request, *args, **kwargs)
           ^^^^^^^^^^^^^^^^^^^^^^^^^^^^^^^^^
  File "C:\Users\administrator\AppData\Local\Programs\Python\Python311\Lib\site-packages\django\views\generic\base.py", line 226, in get
    context = self.get_context_data(**kwargs)
              ^^^^^^^^^^^^^^^^^^^^^^^^^^^^^^^
  File "C:\Users\administrator\Documents\NTTCS_Control_Framework\NTTCS_CF_project\homepage\views.py", line 282, in get_context_data
    mycursor.execute("SELECT * FROM " + assSelect)
  File "C:\Users\administrator\AppData\Local\Programs\Python\Python311\Lib\site-packages\mysql\connector\cursor_cext.py", line 342, in execute
    self._handle_result(result)
  File "C:\Users\administrator\AppData\Local\Programs\Python\Python311\Lib\site-packages\mysql\connector\cursor_cext.py", line 230, in _handle_result
    self._handle_resultset()
  File "C:\Users\administrator\AppData\Local\Programs\Python\Python311\Lib\site-packages\mysql\connector\cursor_cext.py", line 788, in _handle_resultset
    self._rows = self._cnx.get_rows()[0]
                 ^^^^^^^^^^^^^^^^^^^^
  File "C:\Users\administrator\AppData\Local\Programs\Python\Python311\Lib\site-packages\mysql\connector\connection_cext.py", line 445, in get_rows
    raise get_mysql_exception(
mysql.connector.errors.DatabaseError: 1412 (HY000): Table definition has changed, please retry transaction
[20/Jul/2023 11:20:09] "GET /assessment/ HTTP/1.1" 500 105055
[20/Jul/2023 11:22:00] "POST /assessmentselect/ HTTP/1.1" 302 0
Internal Server Error: /assessment/
Traceback (most recent call last):
  File "C:\Users\administrator\AppData\Local\Programs\Python\Python311\Lib\site-packages\mysql\connector\connection_cext.py", line 416, in get_rows
    row = fetch_row()
          ^^^^^^^^^^^
_mysql_connector.MySQLInterfaceError: Table definition has changed, please retry transaction

The above exception was the direct cause of the following exception:

Traceback (most recent call last):
  File "C:\Users\administrator\AppData\Local\Programs\Python\Python311\Lib\site-packages\django\core\handlers\exception.py", line 55, in inner
    response = get_response(request)
               ^^^^^^^^^^^^^^^^^^^^^
  File "C:\Users\administrator\AppData\Local\Programs\Python\Python311\Lib\site-packages\django\core\handlers\base.py", line 197, in _get_response
    response = wrapped_callback(request, *callback_args, **callback_kwargs)
               ^^^^^^^^^^^^^^^^^^^^^^^^^^^^^^^^^^^^^^^^^^^^^^^^^^^^^^^^^^^^
  File "C:\Users\administrator\AppData\Local\Programs\Python\Python311\Lib\site-packages\django\views\generic\base.py", line 104, in view
    return self.dispatch(request, *args, **kwargs)
           ^^^^^^^^^^^^^^^^^^^^^^^^^^^^^^^^^^^^^^^
  File "C:\Users\administrator\AppData\Local\Programs\Python\Python311\Lib\site-packages\django\contrib\auth\mixins.py", line 73, in dispatch
    return super().dispatch(request, *args, **kwargs)
           ^^^^^^^^^^^^^^^^^^^^^^^^^^^^^^^^^^^^^^^^^^
  File "C:\Users\administrator\AppData\Local\Programs\Python\Python311\Lib\site-packages\django\views\generic\base.py", line 143, in dispatch
    return handler(request, *args, **kwargs)
           ^^^^^^^^^^^^^^^^^^^^^^^^^^^^^^^^^
  File "C:\Users\administrator\AppData\Local\Programs\Python\Python311\Lib\site-packages\django\views\generic\base.py", line 226, in get
    context = self.get_context_data(**kwargs)
              ^^^^^^^^^^^^^^^^^^^^^^^^^^^^^^^
  File "C:\Users\administrator\Documents\NTTCS_Control_Framework\NTTCS_CF_project\homepage\views.py", line 282, in get_context_data
    mycursor.execute("SELECT * FROM " + assSelect)
  File "C:\Users\administrator\AppData\Local\Programs\Python\Python311\Lib\site-packages\mysql\connector\cursor_cext.py", line 342, in execute
    self._handle_result(result)
  File "C:\Users\administrator\AppData\Local\Programs\Python\Python311\Lib\site-packages\mysql\connector\cursor_cext.py", line 230, in _handle_result
    self._handle_resultset()
  File "C:\Users\administrator\AppData\Local\Programs\Python\Python311\Lib\site-packages\mysql\connector\cursor_cext.py", line 788, in _handle_resultset
    self._rows = self._cnx.get_rows()[0]
                 ^^^^^^^^^^^^^^^^^^^^
  File "C:\Users\administrator\AppData\Local\Programs\Python\Python311\Lib\site-packages\mysql\connector\connection_cext.py", line 445, in get_rows
    raise get_mysql_exception(
mysql.connector.errors.DatabaseError: 1412 (HY000): Table definition has changed, please retry transaction
[20/Jul/2023 11:22:00] "GET /assessment/ HTTP/1.1" 500 105055
C:\Users\administrator\Documents\NTTCS_Control_Framework\NTTCS_CF_project\homepage\views.py changed, reloading.
Performing system checks...

System check identified no issues (0 silenced).
July 20, 2023 - 11:10:35
Django version 4.2.2, using settings 'NTTCS_CF_project.settings'
Starting development server at http://127.0.0.1:24747/
Quit the server with CTRL-BREAK.

NTT-BCD-06
NTT-CFG-02.6
Watching for file changes with StatReloader
[20/Jul/2023 11:22:21] "GET /assessmentselect/ HTTP/1.1" 200 22110
[20/Jul/2023 11:22:21] "GET /staticfiles/css/ass.css HTTP/1.1" 200 6958
[20/Jul/2023 11:22:21] "GET /staticfiles/js/scripts.js HTTP/1.1" 200 1798
[20/Jul/2023 11:22:21] "GET /staticfiles/css/estilos.css HTTP/1.1" 200 5831
[20/Jul/2023 11:22:23] "GET /staticfiles/images/logo_NTTData.jpg HTTP/1.1" 200 2121
[20/Jul/2023 11:22:23] "GET /staticfiles/images/logo_NTTCS_CF.jpg HTTP/1.1" 200 20664
[20/Jul/2023 11:22:23] "GET /staticfiles/images/logo_NTTCS_CF.jpg HTTP/1.1" 200 20664
[20/Jul/2023 11:22:28] "GET /perfil/ HTTP/1.1" 200 12538
[20/Jul/2023 11:22:42] "GET /assessmentselect/ HTTP/1.1" 200 22104
[20/Jul/2023 11:22:42] "GET /staticfiles/images/logo_NTTCS_CF.jpg HTTP/1.1" 200 20664
[20/Jul/2023 11:22:56] "GET /assessmentselect/ HTTP/1.1" 200 22104
[20/Jul/2023 11:22:56] "GET /staticfiles/css/estilos.css HTTP/1.1" 200 5831
[20/Jul/2023 11:22:56] "GET /staticfiles/js/scripts.js HTTP/1.1" 200 1798
[20/Jul/2023 11:22:56] "GET /staticfiles/css/ass.css HTTP/1.1" 200 6958
[20/Jul/2023 11:22:56] "GET /staticfiles/images/logo_NTTCS_CF.jpg HTTP/1.1" 200 20664
[20/Jul/2023 11:22:56] "GET /staticfiles/images/logo_NTTData.jpg HTTP/1.1" 200 2121
[20/Jul/2023 11:22:56] "GET /staticfiles/images/logo_NTTCS_CF.jpg HTTP/1.1" 200 20664
[20/Jul/2023 11:22:58] "GET /assessmentselect/ HTTP/1.1" 200 22104
[20/Jul/2023 11:22:58] "GET /staticfiles/css/ass.css HTTP/1.1" 200 6958
[20/Jul/2023 11:22:58] "GET /staticfiles/js/scripts.js HTTP/1.1" 200 1798
[20/Jul/2023 11:22:58] "GET /staticfiles/css/estilos.css HTTP/1.1" 200 5831
[20/Jul/2023 11:22:59] "GET /staticfiles/images/logo_NTTData.jpg HTTP/1.1" 200 2121
[20/Jul/2023 11:22:59] "GET /staticfiles/images/logo_NTTCS_CF.jpg HTTP/1.1" 200 20664
[20/Jul/2023 11:22:59] "GET /staticfiles/images/logo_NTTCS_CF.jpg HTTP/1.1" 200 20664
[20/Jul/2023 11:23:12] "GET /informes/ HTTP/1.1" 200 9384
[20/Jul/2023 11:23:15] "GET /assessmentselect/ HTTP/1.1" 200 22104
[20/Jul/2023 11:23:16] "GET /staticfiles/images/logo_NTTCS_CF.jpg HTTP/1.1" 200 20664
[20/Jul/2023 11:25:13] "POST /assessmentselect/ HTTP/1.1" 302 0
[20/Jul/2023 11:25:13] "GET /assessment/ HTTP/1.1" 200 68535
[20/Jul/2023 11:25:18] "GET /assessmentselect/ HTTP/1.1" 200 22104
[20/Jul/2023 11:25:21] "POST /assessmentselect/ HTTP/1.1" 302 0
[20/Jul/2023 11:25:21] "GET /assessment/ HTTP/1.1" 200 35878
[20/Jul/2023 11:25:33] "POST /assessment/ HTTP/1.1" 200 45122
C:\Users\administrator\Documents\NTTCS_Control_Framework\NTTCS_CF_project\homepage\views.py changed, reloading.
Performing system checks...

System check identified no issues (0 silenced).
July 20, 2023 - 11:22:16
Django version 4.2.2, using settings 'NTTCS_CF_project.settings'
Starting development server at http://127.0.0.1:24747/
Quit the server with CTRL-BREAK.

Watching for file changes with StatReloader
Internal Server Error: /assessment/
Traceback (most recent call last):
  File "C:\Users\administrator\AppData\Local\Programs\Python\Python311\Lib\site-packages\mysql\connector\connection_cext.py", line 611, in cmd_query
    self._cmysql.query(
_mysql_connector.MySQLInterfaceError: You have an error in your SQL syntax; check the manual that corresponds to your MySQL server version for the right syntax to use near 's effectiveness and the organizations readiness to execute the plan. ', 
    ' at line 1

The above exception was the direct cause of the following exception:

Traceback (most recent call last):
  File "C:\Users\administrator\AppData\Local\Programs\Python\Python311\Lib\site-packages\django\core\handlers\exception.py", line 55, in inner
    response = get_response(request)
               ^^^^^^^^^^^^^^^^^^^^^
  File "C:\Users\administrator\AppData\Local\Programs\Python\Python311\Lib\site-packages\django\core\handlers\base.py", line 197, in _get_response
    response = wrapped_callback(request, *callback_args, **callback_kwargs)
               ^^^^^^^^^^^^^^^^^^^^^^^^^^^^^^^^^^^^^^^^^^^^^^^^^^^^^^^^^^^^
  File "C:\Users\administrator\AppData\Local\Programs\Python\Python311\Lib\site-packages\django\views\generic\base.py", line 104, in view
    return self.dispatch(request, *args, **kwargs)
           ^^^^^^^^^^^^^^^^^^^^^^^^^^^^^^^^^^^^^^^
  File "C:\Users\administrator\AppData\Local\Programs\Python\Python311\Lib\site-packages\django\contrib\auth\mixins.py", line 73, in dispatch
    return super().dispatch(request, *args, **kwargs)
           ^^^^^^^^^^^^^^^^^^^^^^^^^^^^^^^^^^^^^^^^^^
  File "C:\Users\administrator\AppData\Local\Programs\Python\Python311\Lib\site-packages\django\views\generic\base.py", line 143, in dispatch
    return handler(request, *args, **kwargs)
           ^^^^^^^^^^^^^^^^^^^^^^^^^^^^^^^^^
  File "C:\Users\administrator\Documents\NTTCS_Control_Framework\NTTCS_CF_project\homepage\views.py", line 363, in post
    mycursor.execute(query)
  File "C:\Users\administrator\AppData\Local\Programs\Python\Python311\Lib\site-packages\mysql\connector\cursor_cext.py", line 330, in execute
    result = self._cnx.cmd_query(
             ^^^^^^^^^^^^^^^^^^^^
  File "C:\Users\administrator\AppData\Local\Programs\Python\Python311\Lib\site-packages\mysql\connector\connection_cext.py", line 619, in cmd_query
    raise get_mysql_exception(
mysql.connector.errors.ProgrammingError: 1064 (42000): You have an error in your SQL syntax; check the manual that corresponds to your MySQL server version for the right syntax to use near 's effectiveness and the organizations readiness to execute the plan. ', 
    ' at line 1
[20/Jul/2023 11:25:49] "POST /assessment/ HTTP/1.1" 500 103992
[20/Jul/2023 11:26:18] "POST /assessment/ HTTP/1.1" 200 45442
Internal Server Error: /assessment/
Traceback (most recent call last):
  File "C:\Users\administrator\AppData\Local\Programs\Python\Python311\Lib\site-packages\mysql\connector\connection_cext.py", line 611, in cmd_query
    self._cmysql.query(
_mysql_connector.MySQLInterfaceError: You have an error in your SQL syntax; check the manual that corresponds to your MySQL server version for the right syntax to use near 's effectiveness and the organizations readiness to execute the plan. ', 
    ' at line 1

The above exception was the direct cause of the following exception:

Traceback (most recent call last):
  File "C:\Users\administrator\AppData\Local\Programs\Python\Python311\Lib\site-packages\django\core\handlers\exception.py", line 55, in inner
    response = get_response(request)
               ^^^^^^^^^^^^^^^^^^^^^
  File "C:\Users\administrator\AppData\Local\Programs\Python\Python311\Lib\site-packages\django\core\handlers\base.py", line 197, in _get_response
    response = wrapped_callback(request, *callback_args, **callback_kwargs)
               ^^^^^^^^^^^^^^^^^^^^^^^^^^^^^^^^^^^^^^^^^^^^^^^^^^^^^^^^^^^^
  File "C:\Users\administrator\AppData\Local\Programs\Python\Python311\Lib\site-packages\django\views\generic\base.py", line 104, in view
    return self.dispatch(request, *args, **kwargs)
           ^^^^^^^^^^^^^^^^^^^^^^^^^^^^^^^^^^^^^^^
  File "C:\Users\administrator\AppData\Local\Programs\Python\Python311\Lib\site-packages\django\contrib\auth\mixins.py", line 73, in dispatch
    return super().dispatch(request, *args, **kwargs)
           ^^^^^^^^^^^^^^^^^^^^^^^^^^^^^^^^^^^^^^^^^^
  File "C:\Users\administrator\AppData\Local\Programs\Python\Python311\Lib\site-packages\django\views\generic\base.py", line 143, in dispatch
    return handler(request, *args, **kwargs)
           ^^^^^^^^^^^^^^^^^^^^^^^^^^^^^^^^^
  File "C:\Users\administrator\Documents\NTTCS_Control_Framework\NTTCS_CF_project\homepage\views.py", line 363, in post
    mycursor.execute(query)
  File "C:\Users\administrator\AppData\Local\Programs\Python\Python311\Lib\site-packages\mysql\connector\cursor_cext.py", line 330, in execute
    result = self._cnx.cmd_query(
             ^^^^^^^^^^^^^^^^^^^^
  File "C:\Users\administrator\AppData\Local\Programs\Python\Python311\Lib\site-packages\mysql\connector\connection_cext.py", line 619, in cmd_query
    raise get_mysql_exception(
mysql.connector.errors.ProgrammingError: 1064 (42000): You have an error in your SQL syntax; check the manual that corresponds to your MySQL server version for the right syntax to use near 's effectiveness and the organizations readiness to execute the plan. ', 
    ' at line 1
[20/Jul/2023 11:26:44] "POST /assessment/ HTTP/1.1" 500 103994
Internal Server Error: /assessment/
Traceback (most recent call last):
  File "C:\Users\administrator\AppData\Local\Programs\Python\Python311\Lib\site-packages\mysql\connector\connection_cext.py", line 611, in cmd_query
    self._cmysql.query(
_mysql_connector.MySQLInterfaceError: You have an error in your SQL syntax; check the manual that corresponds to your MySQL server version for the right syntax to use near 's effectiveness and the organizations readiness to execute the plan. ', 
    ' at line 1

The above exception was the direct cause of the following exception:

Traceback (most recent call last):
  File "C:\Users\administrator\AppData\Local\Programs\Python\Python311\Lib\site-packages\django\core\handlers\exception.py", line 55, in inner
    response = get_response(request)
               ^^^^^^^^^^^^^^^^^^^^^
  File "C:\Users\administrator\AppData\Local\Programs\Python\Python311\Lib\site-packages\django\core\handlers\base.py", line 197, in _get_response
    response = wrapped_callback(request, *callback_args, **callback_kwargs)
               ^^^^^^^^^^^^^^^^^^^^^^^^^^^^^^^^^^^^^^^^^^^^^^^^^^^^^^^^^^^^
  File "C:\Users\administrator\AppData\Local\Programs\Python\Python311\Lib\site-packages\django\views\generic\base.py", line 104, in view
    return self.dispatch(request, *args, **kwargs)
           ^^^^^^^^^^^^^^^^^^^^^^^^^^^^^^^^^^^^^^^
  File "C:\Users\administrator\AppData\Local\Programs\Python\Python311\Lib\site-packages\django\contrib\auth\mixins.py", line 73, in dispatch
    return super().dispatch(request, *args, **kwargs)
           ^^^^^^^^^^^^^^^^^^^^^^^^^^^^^^^^^^^^^^^^^^
  File "C:\Users\administrator\AppData\Local\Programs\Python\Python311\Lib\site-packages\django\views\generic\base.py", line 143, in dispatch
    return handler(request, *args, **kwargs)
           ^^^^^^^^^^^^^^^^^^^^^^^^^^^^^^^^^
  File "C:\Users\administrator\Documents\NTTCS_Control_Framework\NTTCS_CF_project\homepage\views.py", line 363, in post
    mycursor.execute(query)
  File "C:\Users\administrator\AppData\Local\Programs\Python\Python311\Lib\site-packages\mysql\connector\cursor_cext.py", line 330, in execute
    result = self._cnx.cmd_query(
             ^^^^^^^^^^^^^^^^^^^^
  File "C:\Users\administrator\AppData\Local\Programs\Python\Python311\Lib\site-packages\mysql\connector\connection_cext.py", line 619, in cmd_query
    raise get_mysql_exception(
mysql.connector.errors.ProgrammingError: 1064 (42000): You have an error in your SQL syntax; check the manual that corresponds to your MySQL server version for the right syntax to use near 's effectiveness and the organizations readiness to execute the plan. ', 
    ' at line 1
[20/Jul/2023 11:30:26] "POST /assessment/ HTTP/1.1" 500 103995
[20/Jul/2023 11:30:51] "POST /assessment/ HTTP/1.1" 200 45442
[20/Jul/2023 11:30:51] "GET /staticfiles/css/ass.css HTTP/1.1" 200 6958
[20/Jul/2023 11:30:51] "GET /staticfiles/js/scripts.js HTTP/1.1" 200 1798
[20/Jul/2023 11:30:51] "GET /staticfiles/css/estilos.css HTTP/1.1" 200 5831
[20/Jul/2023 11:30:54] "GET /staticfiles/images/logo_NTTCS_CF.jpg HTTP/1.1" 200 20664
[20/Jul/2023 11:30:54] "GET /staticfiles/images/logo_NTTData.jpg HTTP/1.1" 200 2121
[20/Jul/2023 11:30:55] "GET /staticfiles/images/logo_NTTCS_CF.jpg HTTP/1.1" 200 20664
[20/Jul/2023 11:30:57] "GET /assessmentselect/ HTTP/1.1" 200 22104
[20/Jul/2023 11:31:04] "POST /assessmentselect/ HTTP/1.1" 302 0
[20/Jul/2023 11:31:04] "GET /assessment/ HTTP/1.1" 200 68535
[20/Jul/2023 11:31:08] "GET /assessmentselect/ HTTP/1.1" 200 22104
[20/Jul/2023 11:31:11] "POST /assessmentselect/ HTTP/1.1" 302 0
[20/Jul/2023 11:31:11] "GET /assessment/ HTTP/1.1" 200 35878
[20/Jul/2023 11:31:15] "POST /assessment/ HTTP/1.1" 200 43249
[20/Jul/2023 11:31:25] "POST /assessment/ HTTP/1.1" 200 45187
[20/Jul/2023 11:31:34] "POST /assessment/ HTTP/1.1" 200 41014
C:\Users\administrator\Documents\NTTCS_Control_Framework\NTTCS_CF_project\homepage\views.py changed, reloading.
Performing system checks...

System check identified no issues (0 silenced).
July 20, 2023 - 11:25:48
Django version 4.2.2, using settings 'NTTCS_CF_project.settings'
Starting development server at http://127.0.0.1:24747/
Quit the server with CTRL-BREAK.

NTT-BCD-04
NTT-BCD-04
NTT-BCD-04
NTT-BCD-04
NTT-BCD-04
Watching for file changes with StatReloader
[20/Jul/2023 11:31:58] "GET /assessment/ HTTP/1.1" 200 35878
[20/Jul/2023 11:32:01] "GET /assessmentselect/ HTTP/1.1" 200 22104
[20/Jul/2023 11:32:43] "POST /assessment/ HTTP/1.1" 200 46670
[20/Jul/2023 11:32:45] "POST /assessment/ HTTP/1.1" 200 45122
[20/Jul/2023 11:33:10] "POST /assessment/ HTTP/1.1" 200 45219
[20/Jul/2023 11:33:18] "GET /exportaciones/ HTTP/1.1" 200 12606
[20/Jul/2023 11:33:19] "GET /assessmentselect/ HTTP/1.1" 200 22104
Internal Server Error: /assessmentselect/
Traceback (most recent call last):
  File "C:\Users\administrator\AppData\Local\Programs\Python\Python311\Lib\site-packages\mysql\connector\connection_cext.py", line 611, in cmd_query
    self._cmysql.query(
_mysql_connector.MySQLInterfaceError: Table 'nttcs_cf.nist800161rev1flow' doesn't exist

The above exception was the direct cause of the following exception:

Traceback (most recent call last):
  File "C:\Users\administrator\AppData\Local\Programs\Python\Python311\Lib\site-packages\django\core\handlers\exception.py", line 55, in inner
    response = get_response(request)
               ^^^^^^^^^^^^^^^^^^^^^
  File "C:\Users\administrator\AppData\Local\Programs\Python\Python311\Lib\site-packages\django\core\handlers\base.py", line 197, in _get_response
    response = wrapped_callback(request, *callback_args, **callback_kwargs)
               ^^^^^^^^^^^^^^^^^^^^^^^^^^^^^^^^^^^^^^^^^^^^^^^^^^^^^^^^^^^^
  File "C:\Users\administrator\AppData\Local\Programs\Python\Python311\Lib\site-packages\django\views\generic\base.py", line 104, in view
    return self.dispatch(request, *args, **kwargs)
           ^^^^^^^^^^^^^^^^^^^^^^^^^^^^^^^^^^^^^^^
  File "C:\Users\administrator\AppData\Local\Programs\Python\Python311\Lib\site-packages\django\contrib\auth\mixins.py", line 73, in dispatch
    return super().dispatch(request, *args, **kwargs)
           ^^^^^^^^^^^^^^^^^^^^^^^^^^^^^^^^^^^^^^^^^^
  File "C:\Users\administrator\AppData\Local\Programs\Python\Python311\Lib\site-packages\django\views\generic\base.py", line 143, in dispatch
    return handler(request, *args, **kwargs)
           ^^^^^^^^^^^^^^^^^^^^^^^^^^^^^^^^^
  File "C:\Users\administrator\Documents\NTTCS_Control_Framework\NTTCS_CF_project\homepage\views.py", line 455, in post
    mycursor.execute("SELECT * FROM " + AsociacionMarcos.objects.get(
  File "C:\Users\administrator\AppData\Local\Programs\Python\Python311\Lib\site-packages\mysql\connector\cursor_cext.py", line 330, in execute
    result = self._cnx.cmd_query(
             ^^^^^^^^^^^^^^^^^^^^
  File "C:\Users\administrator\AppData\Local\Programs\Python\Python311\Lib\site-packages\mysql\connector\connection_cext.py", line 619, in cmd_query
    raise get_mysql_exception(
mysql.connector.errors.ProgrammingError: 1146 (42S02): Table 'nttcs_cf.nist800161rev1flow' doesn't exist
[20/Jul/2023 11:33:59] "POST /assessmentselect/ HTTP/1.1" 500 100104
Not Found: /favicon.ico
[20/Jul/2023 11:34:00] "GET /favicon.ico HTTP/1.1" 404 6513
C:\Users\administrator\Documents\NTTCS_Control_Framework\NTTCS_CF_project\homepage\views.py changed, reloading.
Performing system checks...

System check identified no issues (0 silenced).
July 20, 2023 - 11:31:48
Django version 4.2.2, using settings 'NTTCS_CF_project.settings'
Starting development server at http://127.0.0.1:24747/
Quit the server with CTRL-BREAK.

NTT-BCD-04
Watching for file changes with StatReloader
[20/Jul/2023 11:35:49] "GET /assessmentselect/ HTTP/1.1" 200 22104
Internal Server Error: /assessmentselect/
Traceback (most recent call last):
  File "C:\Users\administrator\AppData\Local\Programs\Python\Python311\Lib\site-packages\mysql\connector\connection_cext.py", line 611, in cmd_query
    self._cmysql.query(
_mysql_connector.MySQLInterfaceError: Table 'pruebaassess12' already exists

The above exception was the direct cause of the following exception:

Traceback (most recent call last):
  File "C:\Users\administrator\AppData\Local\Programs\Python\Python311\Lib\site-packages\django\core\handlers\exception.py", line 55, in inner
    response = get_response(request)
               ^^^^^^^^^^^^^^^^^^^^^
  File "C:\Users\administrator\AppData\Local\Programs\Python\Python311\Lib\site-packages\django\core\handlers\base.py", line 197, in _get_response
    response = wrapped_callback(request, *callback_args, **callback_kwargs)
               ^^^^^^^^^^^^^^^^^^^^^^^^^^^^^^^^^^^^^^^^^^^^^^^^^^^^^^^^^^^^
  File "C:\Users\administrator\AppData\Local\Programs\Python\Python311\Lib\site-packages\django\views\generic\base.py", line 104, in view
    return self.dispatch(request, *args, **kwargs)
           ^^^^^^^^^^^^^^^^^^^^^^^^^^^^^^^^^^^^^^^
  File "C:\Users\administrator\AppData\Local\Programs\Python\Python311\Lib\site-packages\django\contrib\auth\mixins.py", line 73, in dispatch
    return super().dispatch(request, *args, **kwargs)
           ^^^^^^^^^^^^^^^^^^^^^^^^^^^^^^^^^^^^^^^^^^
  File "C:\Users\administrator\AppData\Local\Programs\Python\Python311\Lib\site-packages\django\views\generic\base.py", line 143, in dispatch
    return handler(request, *args, **kwargs)
           ^^^^^^^^^^^^^^^^^^^^^^^^^^^^^^^^^
  File "C:\Users\administrator\Documents\NTTCS_Control_Framework\NTTCS_CF_project\homepage\views.py", line 448, in post
    mycursor.execute(query)
  File "C:\Users\administrator\AppData\Local\Programs\Python\Python311\Lib\site-packages\mysql\connector\cursor_cext.py", line 330, in execute
    result = self._cnx.cmd_query(
             ^^^^^^^^^^^^^^^^^^^^
  File "C:\Users\administrator\AppData\Local\Programs\Python\Python311\Lib\site-packages\mysql\connector\connection_cext.py", line 619, in cmd_query
    raise get_mysql_exception(
mysql.connector.errors.ProgrammingError: 1050 (42S01): Table 'pruebaassess12' already exists
[20/Jul/2023 11:36:01] "POST /assessmentselect/ HTTP/1.1" 500 95647
[20/Jul/2023 11:36:04] "GET /assessmentselect/ HTTP/1.1" 200 22104
[20/Jul/2023 11:36:16] "POST /assessmentselect/ HTTP/1.1" 302 0
[20/Jul/2023 11:36:16] "GET /assessment/ HTTP/1.1" 200 90965
[20/Jul/2023 11:36:36] "GET /assessmentselect/ HTTP/1.1" 200 22216
Internal Server Error: /assessmentselect/
Traceback (most recent call last):
  File "C:\Users\administrator\AppData\Local\Programs\Python\Python311\Lib\site-packages\mysql\connector\connection_cext.py", line 611, in cmd_query
    self._cmysql.query(
_mysql_connector.MySQLInterfaceError: Table 'nttcs_cf.iso' doesn't exist

The above exception was the direct cause of the following exception:

Traceback (most recent call last):
  File "C:\Users\administrator\AppData\Local\Programs\Python\Python311\Lib\site-packages\django\core\handlers\exception.py", line 55, in inner
    response = get_response(request)
               ^^^^^^^^^^^^^^^^^^^^^
  File "C:\Users\administrator\AppData\Local\Programs\Python\Python311\Lib\site-packages\django\core\handlers\base.py", line 197, in _get_response
    response = wrapped_callback(request, *callback_args, **callback_kwargs)
               ^^^^^^^^^^^^^^^^^^^^^^^^^^^^^^^^^^^^^^^^^^^^^^^^^^^^^^^^^^^^
  File "C:\Users\administrator\AppData\Local\Programs\Python\Python311\Lib\site-packages\django\views\generic\base.py", line 104, in view
    return self.dispatch(request, *args, **kwargs)
           ^^^^^^^^^^^^^^^^^^^^^^^^^^^^^^^^^^^^^^^
  File "C:\Users\administrator\AppData\Local\Programs\Python\Python311\Lib\site-packages\django\contrib\auth\mixins.py", line 73, in dispatch
    return super().dispatch(request, *args, **kwargs)
           ^^^^^^^^^^^^^^^^^^^^^^^^^^^^^^^^^^^^^^^^^^
  File "C:\Users\administrator\AppData\Local\Programs\Python\Python311\Lib\site-packages\django\views\generic\base.py", line 143, in dispatch
    return handler(request, *args, **kwargs)
           ^^^^^^^^^^^^^^^^^^^^^^^^^^^^^^^^^
  File "C:\Users\administrator\Documents\NTTCS_Control_Framework\NTTCS_CF_project\homepage\views.py", line 455, in post
    mycursor.execute("SELECT * FROM " + AsociacionMarcos.objects.get(
  File "C:\Users\administrator\AppData\Local\Programs\Python\Python311\Lib\site-packages\mysql\connector\cursor_cext.py", line 330, in execute
    result = self._cnx.cmd_query(
             ^^^^^^^^^^^^^^^^^^^^
  File "C:\Users\administrator\AppData\Local\Programs\Python\Python311\Lib\site-packages\mysql\connector\connection_cext.py", line 619, in cmd_query
    raise get_mysql_exception(
mysql.connector.errors.ProgrammingError: 1146 (42S02): Table 'nttcs_cf.iso' doesn't exist
[20/Jul/2023 11:38:01] "POST /assessmentselect/ HTTP/1.1" 500 102101
[20/Jul/2023 11:39:51] "GET /assessmentselect/ HTTP/1.1" 200 22216
Internal Server Error: /assessmentselect/
Traceback (most recent call last):
  File "C:\Users\administrator\AppData\Local\Programs\Python\Python311\Lib\site-packages\mysql\connector\connection_cext.py", line 611, in cmd_query
    self._cmysql.query(
_mysql_connector.MySQLInterfaceError: You have an error in your SQL syntax; check the manual that corresponds to your MySQL server version for the right syntax to use near '1' at line 1

The above exception was the direct cause of the following exception:

Traceback (most recent call last):
  File "C:\Users\administrator\AppData\Local\Programs\Python\Python311\Lib\site-packages\django\core\handlers\exception.py", line 55, in inner
    response = get_response(request)
               ^^^^^^^^^^^^^^^^^^^^^
  File "C:\Users\administrator\AppData\Local\Programs\Python\Python311\Lib\site-packages\django\core\handlers\base.py", line 197, in _get_response
    response = wrapped_callback(request, *callback_args, **callback_kwargs)
               ^^^^^^^^^^^^^^^^^^^^^^^^^^^^^^^^^^^^^^^^^^^^^^^^^^^^^^^^^^^^
  File "C:\Users\administrator\AppData\Local\Programs\Python\Python311\Lib\site-packages\django\views\generic\base.py", line 104, in view
    return self.dispatch(request, *args, **kwargs)
           ^^^^^^^^^^^^^^^^^^^^^^^^^^^^^^^^^^^^^^^
  File "C:\Users\administrator\AppData\Local\Programs\Python\Python311\Lib\site-packages\django\contrib\auth\mixins.py", line 73, in dispatch
    return super().dispatch(request, *args, **kwargs)
           ^^^^^^^^^^^^^^^^^^^^^^^^^^^^^^^^^^^^^^^^^^
  File "C:\Users\administrator\AppData\Local\Programs\Python\Python311\Lib\site-packages\django\views\generic\base.py", line 143, in dispatch
    return handler(request, *args, **kwargs)
           ^^^^^^^^^^^^^^^^^^^^^^^^^^^^^^^^^
  File "C:\Users\administrator\Documents\NTTCS_Control_Framework\NTTCS_CF_project\homepage\views.py", line 455, in post
    mycursor.execute("SELECT * FROM " + AsociacionMarcos.objects.get(
  File "C:\Users\administrator\AppData\Local\Programs\Python\Python311\Lib\site-packages\mysql\connector\cursor_cext.py", line 330, in execute
    result = self._cnx.cmd_query(
             ^^^^^^^^^^^^^^^^^^^^
  File "C:\Users\administrator\AppData\Local\Programs\Python\Python311\Lib\site-packages\mysql\connector\connection_cext.py", line 619, in cmd_query
    raise get_mysql_exception(
mysql.connector.errors.ProgrammingError: 1064 (42000): You have an error in your SQL syntax; check the manual that corresponds to your MySQL server version for the right syntax to use near '1' at line 1
[20/Jul/2023 11:39:59] "POST /assessmentselect/ HTTP/1.1" 500 102765
[20/Jul/2023 11:44:59] "GET /assessmentselect/ HTTP/1.1" 200 22216
[20/Jul/2023 11:45:03] "GET /assessmentselect/ HTTP/1.1" 200 22216
[20/Jul/2023 11:45:03] "GET /staticfiles/js/scripts.js HTTP/1.1" 200 1798
[20/Jul/2023 11:45:03] "GET /staticfiles/css/ass.css HTTP/1.1" 200 6958
[20/Jul/2023 11:45:03] "GET /staticfiles/css/estilos.css HTTP/1.1" 200 5831
[20/Jul/2023 11:45:03] "GET /staticfiles/images/logo_NTTData.jpg HTTP/1.1" 200 2121
[20/Jul/2023 11:45:03] "GET /staticfiles/images/logo_NTTCS_CF.jpg HTTP/1.1" 200 20664
[20/Jul/2023 11:45:03] "GET /staticfiles/images/logo_NTTCS_CF.jpg HTTP/1.1" 200 20664
[20/Jul/2023 11:46:25] "POST /assessmentselect/ HTTP/1.1" 302 0
Internal Server Error: /assessment/
Traceback (most recent call last):
  File "C:\Users\administrator\AppData\Local\Programs\Python\Python311\Lib\site-packages\mysql\connector\connection_cext.py", line 416, in get_rows
    row = fetch_row()
          ^^^^^^^^^^^
_mysql_connector.MySQLInterfaceError: Table definition has changed, please retry transaction

The above exception was the direct cause of the following exception:

Traceback (most recent call last):
  File "C:\Users\administrator\AppData\Local\Programs\Python\Python311\Lib\site-packages\django\core\handlers\exception.py", line 55, in inner
    response = get_response(request)
               ^^^^^^^^^^^^^^^^^^^^^
  File "C:\Users\administrator\AppData\Local\Programs\Python\Python311\Lib\site-packages\django\core\handlers\base.py", line 197, in _get_response
    response = wrapped_callback(request, *callback_args, **callback_kwargs)
               ^^^^^^^^^^^^^^^^^^^^^^^^^^^^^^^^^^^^^^^^^^^^^^^^^^^^^^^^^^^^
  File "C:\Users\administrator\AppData\Local\Programs\Python\Python311\Lib\site-packages\django\views\generic\base.py", line 104, in view
    return self.dispatch(request, *args, **kwargs)
           ^^^^^^^^^^^^^^^^^^^^^^^^^^^^^^^^^^^^^^^
  File "C:\Users\administrator\AppData\Local\Programs\Python\Python311\Lib\site-packages\django\contrib\auth\mixins.py", line 73, in dispatch
    return super().dispatch(request, *args, **kwargs)
           ^^^^^^^^^^^^^^^^^^^^^^^^^^^^^^^^^^^^^^^^^^
  File "C:\Users\administrator\AppData\Local\Programs\Python\Python311\Lib\site-packages\django\views\generic\base.py", line 143, in dispatch
    return handler(request, *args, **kwargs)
           ^^^^^^^^^^^^^^^^^^^^^^^^^^^^^^^^^
  File "C:\Users\administrator\AppData\Local\Programs\Python\Python311\Lib\site-packages\django\views\generic\base.py", line 226, in get
    context = self.get_context_data(**kwargs)
              ^^^^^^^^^^^^^^^^^^^^^^^^^^^^^^^
  File "C:\Users\administrator\Documents\NTTCS_Control_Framework\NTTCS_CF_project\homepage\views.py", line 282, in get_context_data
    mycursor.execute("SELECT * FROM " + assSelect)
  File "C:\Users\administrator\AppData\Local\Programs\Python\Python311\Lib\site-packages\mysql\connector\cursor_cext.py", line 342, in execute
    self._handle_result(result)
  File "C:\Users\administrator\AppData\Local\Programs\Python\Python311\Lib\site-packages\mysql\connector\cursor_cext.py", line 230, in _handle_result
    self._handle_resultset()
  File "C:\Users\administrator\AppData\Local\Programs\Python\Python311\Lib\site-packages\mysql\connector\cursor_cext.py", line 788, in _handle_resultset
    self._rows = self._cnx.get_rows()[0]
                 ^^^^^^^^^^^^^^^^^^^^
  File "C:\Users\administrator\AppData\Local\Programs\Python\Python311\Lib\site-packages\mysql\connector\connection_cext.py", line 445, in get_rows
    raise get_mysql_exception(
mysql.connector.errors.DatabaseError: 1412 (HY000): Table definition has changed, please retry transaction
[20/Jul/2023 11:46:25] "GET /assessment/ HTTP/1.1" 500 105058
C:\Users\administrator\Documents\NTTCS_Control_Framework\NTTCS_CF_project\homepage\views.py changed, reloading.
Performing system checks...

System check identified no issues (0 silenced).
July 20, 2023 - 11:34:42
Django version 4.2.2, using settings 'NTTCS_CF_project.settings'
Starting development server at http://127.0.0.1:24747/
Quit the server with CTRL-BREAK.

Watching for file changes with StatReloader
[20/Jul/2023 11:47:27] "POST /assessmentselect/ HTTP/1.1" 302 0
[20/Jul/2023 11:47:28] "GET /assessment/ HTTP/1.1" 200 166962
[20/Jul/2023 11:47:40] "GET /assessmentselect/ HTTP/1.1" 200 22440
C:\Users\administrator\Documents\NTTCS_Control_Framework\NTTCS_CF_project\homepage\views.py changed, reloading.
Performing system checks...

System check identified no issues (0 silenced).
July 20, 2023 - 11:47:01
Django version 4.2.2, using settings 'NTTCS_CF_project.settings'
Starting development server at http://127.0.0.1:24747/
Quit the server with CTRL-BREAK.

Watching for file changes with StatReloader
[20/Jul/2023 11:49:17] "POST /assessmentselect/ HTTP/1.1" 302 0
[20/Jul/2023 11:49:17] "GET /assessment/ HTTP/1.1" 200 166962
[20/Jul/2023 11:49:37] "GET /assessmentselect/ HTTP/1.1" 200 22552
C:\Users\administrator\Documents\NTTCS_Control_Framework\NTTCS_CF_project\homepage\views.py changed, reloading.
Performing system checks...

System check identified no issues (0 silenced).
July 20, 2023 - 11:47:42
Django version 4.2.2, using settings 'NTTCS_CF_project.settings'
Starting development server at http://127.0.0.1:24747/
Quit the server with CTRL-BREAK.

Watching for file changes with StatReloader
[20/Jul/2023 11:51:12] "POST /assessmentselect/ HTTP/1.1" 302 0
[20/Jul/2023 11:51:12] "GET /assessment/ HTTP/1.1" 200 166961
[20/Jul/2023 11:51:22] "GET /assessmentselect/ HTTP/1.1" 200 22662
[20/Jul/2023 11:51:41] "POST /assessmentselect/ HTTP/1.1" 302 0
[20/Jul/2023 11:51:42] "GET /assessment/ HTTP/1.1" 200 166961
[20/Jul/2023 11:51:49] "POST /assessment/ HTTP/1.1" 200 172995
[20/Jul/2023 11:51:55] "GET / HTTP/1.1" 200 1515
Not Found: /favicon.ico
[20/Jul/2023 11:51:55] "GET /favicon.ico HTTP/1.1" 404 6506
[20/Jul/2023 11:52:09] "POST /assessment/ HTTP/1.1" 200 176242
[20/Jul/2023 11:52:47] "POST /assessment/ HTTP/1.1" 200 176394
[20/Jul/2023 11:52:55] "POST /assessment/ HTTP/1.1" 200 176394
[20/Jul/2023 11:52:59] "GET /assessmentselect/ HTTP/1.1" 200 22662
[20/Jul/2023 11:53:01] "POST /assessmentselect/ HTTP/1.1" 302 0
[20/Jul/2023 11:53:01] "GET /assessment/ HTTP/1.1" 200 166961
[20/Jul/2023 11:53:11] "POST /assessment/ HTTP/1.1" 200 174284
[20/Jul/2023 11:53:16] "POST /assessment/ HTTP/1.1" 200 176394
[20/Jul/2023 11:53:29] "POST /assessment/ HTTP/1.1" 302 0
[20/Jul/2023 11:53:29] "GET /menu/ HTTP/1.1" 200 9360
[20/Jul/2023 11:53:32] "GET /MantenimientoAssessmentArchivados/ HTTP/1.1" 200 10342
[20/Jul/2023 11:54:01] "POST /MantenimientoAssessmentArchivados/ HTTP/1.1" 200 7048039
Internal Server Error: /MantenimientoAssessmentArchivados/
Traceback (most recent call last):
  File "C:\Users\administrator\AppData\Local\Programs\Python\Python311\Lib\site-packages\django\core\handlers\exception.py", line 55, in inner
    response = get_response(request)
               ^^^^^^^^^^^^^^^^^^^^^
  File "C:\Users\administrator\AppData\Local\Programs\Python\Python311\Lib\site-packages\django\core\handlers\base.py", line 197, in _get_response
    response = wrapped_callback(request, *callback_args, **callback_kwargs)
               ^^^^^^^^^^^^^^^^^^^^^^^^^^^^^^^^^^^^^^^^^^^^^^^^^^^^^^^^^^^^
  File "C:\Users\administrator\AppData\Local\Programs\Python\Python311\Lib\site-packages\django\views\generic\base.py", line 104, in view
    return self.dispatch(request, *args, **kwargs)
           ^^^^^^^^^^^^^^^^^^^^^^^^^^^^^^^^^^^^^^^
  File "C:\Users\administrator\AppData\Local\Programs\Python\Python311\Lib\site-packages\django\contrib\auth\mixins.py", line 73, in dispatch
    return super().dispatch(request, *args, **kwargs)
           ^^^^^^^^^^^^^^^^^^^^^^^^^^^^^^^^^^^^^^^^^^
  File "C:\Users\administrator\AppData\Local\Programs\Python\Python311\Lib\site-packages\django\views\generic\base.py", line 143, in dispatch
    return handler(request, *args, **kwargs)
           ^^^^^^^^^^^^^^^^^^^^^^^^^^^^^^^^^
  File "C:\Users\administrator\Documents\NTTCS_Control_Framework\NTTCS_CF_project\homepage\views.py", line 1123, in post
    if Evidencias.objects.filter(assessment_=request.session.get('seleccion')).exists() == True:
       ^^^^^^^^^^^^^^^^^^^^^^^^^^^^^^^^^^^^^^^^^^^^^^^^^^^^^^^^^^^^^^^^^^^^^^^
  File "C:\Users\administrator\AppData\Local\Programs\Python\Python311\Lib\site-packages\django\db\models\manager.py", line 87, in manager_method
    return getattr(self.get_queryset(), name)(*args, **kwargs)
           ^^^^^^^^^^^^^^^^^^^^^^^^^^^^^^^^^^^^^^^^^^^^^^^^^^^
  File "C:\Users\administrator\AppData\Local\Programs\Python\Python311\Lib\site-packages\django\db\models\query.py", line 1436, in filter
    return self._filter_or_exclude(False, args, kwargs)
           ^^^^^^^^^^^^^^^^^^^^^^^^^^^^^^^^^^^^^^^^^^^^
  File "C:\Users\administrator\AppData\Local\Programs\Python\Python311\Lib\site-packages\django\db\models\query.py", line 1454, in _filter_or_exclude
    clone._filter_or_exclude_inplace(negate, args, kwargs)
  File "C:\Users\administrator\AppData\Local\Programs\Python\Python311\Lib\site-packages\django\db\models\query.py", line 1461, in _filter_or_exclude_inplace
    self._query.add_q(Q(*args, **kwargs))
  File "C:\Users\administrator\AppData\Local\Programs\Python\Python311\Lib\site-packages\django\db\models\sql\query.py", line 1534, in add_q
    clause, _ = self._add_q(q_object, self.used_aliases)
                ^^^^^^^^^^^^^^^^^^^^^^^^^^^^^^^^^^^^^^^^
  File "C:\Users\administrator\AppData\Local\Programs\Python\Python311\Lib\site-packages\django\db\models\sql\query.py", line 1565, in _add_q
    child_clause, needed_inner = self.build_filter(
                                 ^^^^^^^^^^^^^^^^^^
  File "C:\Users\administrator\AppData\Local\Programs\Python\Python311\Lib\site-packages\django\db\models\sql\query.py", line 1415, in build_filter
    lookups, parts, reffed_expression = self.solve_lookup_type(arg, summarize)
                                        ^^^^^^^^^^^^^^^^^^^^^^^^^^^^^^^^^^^^^^
  File "C:\Users\administrator\AppData\Local\Programs\Python\Python311\Lib\site-packages\django\db\models\sql\query.py", line 1225, in solve_lookup_type
    _, field, _, lookup_parts = self.names_to_path(lookup_splitted, self.get_meta())
                                ^^^^^^^^^^^^^^^^^^^^^^^^^^^^^^^^^^^^^^^^^^^^^^^^^^^^
  File "C:\Users\administrator\AppData\Local\Programs\Python\Python311\Lib\site-packages\django\db\models\sql\query.py", line 1713, in names_to_path
    raise FieldError(
django.core.exceptions.FieldError: Cannot resolve keyword 'assessment_' into field. Choices are: assessment, assessment_id, comentario, control_id, evidencia_id, links
[20/Jul/2023 11:54:18] "POST /MantenimientoAssessmentArchivados/ HTTP/1.1" 500 124597
[20/Jul/2023 11:54:57] "GET /assessmentselect/ HTTP/1.1" 200 22648
[20/Jul/2023 11:54:57] "GET /assessmentselect/ HTTP/1.1" 200 22648
[20/Jul/2023 11:54:58] "GET /staticfiles/css/estilos.css HTTP/1.1" 304 0
[20/Jul/2023 11:55:21] "GET /assessmentselect/ HTTP/1.1" 200 22648
[20/Jul/2023 11:55:26] "POST /assessmentselect/ HTTP/1.1" 302 0
[20/Jul/2023 11:55:27] "GET /assessment/ HTTP/1.1" 200 166962
[20/Jul/2023 11:55:37] "POST /assessment/ HTTP/1.1" 200 171345
[20/Jul/2023 11:56:11] "POST /assessment/ HTTP/1.1" 200 171437
[20/Jul/2023 11:56:14] "POST /assessment/ HTTP/1.1" 200 171437
[20/Jul/2023 11:56:17] "GET /assessmentselect/ HTTP/1.1" 200 22578
[20/Jul/2023 11:56:17] "GET /staticfiles/css/ass.css HTTP/1.1" 200 6958
[20/Jul/2023 11:56:17] "GET /staticfiles/js/scripts.js HTTP/1.1" 200 1798
[20/Jul/2023 11:56:17] "GET /staticfiles/css/estilos.css HTTP/1.1" 200 5831
[20/Jul/2023 11:56:18] "GET /staticfiles/images/logo_NTTCS_CF.jpg HTTP/1.1" 200 20664
[20/Jul/2023 11:56:18] "GET /staticfiles/images/logo_NTTData.jpg HTTP/1.1" 200 2121
[20/Jul/2023 11:56:18] "GET /staticfiles/images/logo_NTTCS_CF.jpg HTTP/1.1" 200 20664
[20/Jul/2023 11:56:26] "POST /assessment/ HTTP/1.1" 302 0
[20/Jul/2023 11:56:26] "GET /menu/ HTTP/1.1" 200 9360
[20/Jul/2023 11:56:44] "GET /assessmentselect/ HTTP/1.1" 200 22466
[20/Jul/2023 11:57:22] "POST /assessmentselect/ HTTP/1.1" 302 0
Internal Server Error: /assessment/
Traceback (most recent call last):
  File "C:\Users\administrator\AppData\Local\Programs\Python\Python311\Lib\site-packages\mysql\connector\connection_cext.py", line 416, in get_rows
    row = fetch_row()
          ^^^^^^^^^^^
_mysql_connector.MySQLInterfaceError: Table definition has changed, please retry transaction

The above exception was the direct cause of the following exception:

Traceback (most recent call last):
  File "C:\Users\administrator\AppData\Local\Programs\Python\Python311\Lib\site-packages\django\core\handlers\exception.py", line 55, in inner
    response = get_response(request)
               ^^^^^^^^^^^^^^^^^^^^^
  File "C:\Users\administrator\AppData\Local\Programs\Python\Python311\Lib\site-packages\django\core\handlers\base.py", line 197, in _get_response
    response = wrapped_callback(request, *callback_args, **callback_kwargs)
               ^^^^^^^^^^^^^^^^^^^^^^^^^^^^^^^^^^^^^^^^^^^^^^^^^^^^^^^^^^^^
  File "C:\Users\administrator\AppData\Local\Programs\Python\Python311\Lib\site-packages\django\views\generic\base.py", line 104, in view
    return self.dispatch(request, *args, **kwargs)
           ^^^^^^^^^^^^^^^^^^^^^^^^^^^^^^^^^^^^^^^
  File "C:\Users\administrator\AppData\Local\Programs\Python\Python311\Lib\site-packages\django\contrib\auth\mixins.py", line 73, in dispatch
    return super().dispatch(request, *args, **kwargs)
           ^^^^^^^^^^^^^^^^^^^^^^^^^^^^^^^^^^^^^^^^^^
  File "C:\Users\administrator\AppData\Local\Programs\Python\Python311\Lib\site-packages\django\views\generic\base.py", line 143, in dispatch
    return handler(request, *args, **kwargs)
           ^^^^^^^^^^^^^^^^^^^^^^^^^^^^^^^^^
  File "C:\Users\administrator\AppData\Local\Programs\Python\Python311\Lib\site-packages\django\views\generic\base.py", line 226, in get
    context = self.get_context_data(**kwargs)
              ^^^^^^^^^^^^^^^^^^^^^^^^^^^^^^^
  File "C:\Users\administrator\Documents\NTTCS_Control_Framework\NTTCS_CF_project\homepage\views.py", line 282, in get_context_data
    mycursor.execute("SELECT * FROM " + assSelect)
  File "C:\Users\administrator\AppData\Local\Programs\Python\Python311\Lib\site-packages\mysql\connector\cursor_cext.py", line 342, in execute
    self._handle_result(result)
  File "C:\Users\administrator\AppData\Local\Programs\Python\Python311\Lib\site-packages\mysql\connector\cursor_cext.py", line 230, in _handle_result
    self._handle_resultset()
  File "C:\Users\administrator\AppData\Local\Programs\Python\Python311\Lib\site-packages\mysql\connector\cursor_cext.py", line 788, in _handle_resultset
    self._rows = self._cnx.get_rows()[0]
                 ^^^^^^^^^^^^^^^^^^^^
  File "C:\Users\administrator\AppData\Local\Programs\Python\Python311\Lib\site-packages\mysql\connector\connection_cext.py", line 445, in get_rows
    raise get_mysql_exception(
mysql.connector.errors.DatabaseError: 1412 (HY000): Table definition has changed, please retry transaction
[20/Jul/2023 11:57:23] "GET /assessment/ HTTP/1.1" 500 105058
C:\Users\administrator\Documents\NTTCS_Control_Framework\NTTCS_CF_project\homepage\views.py changed, reloading.
Performing system checks...

System check identified no issues (0 silenced).
July 20, 2023 - 11:49:54
Django version 4.2.2, using settings 'NTTCS_CF_project.settings'
Starting development server at http://127.0.0.1:24747/
Quit the server with CTRL-BREAK.

NTT-TPM-01
NTT-WEB-08
Watching for file changes with StatReloader
[20/Jul/2023 11:57:59] "POST /assessmentselect/ HTTP/1.1" 302 0
[20/Jul/2023 11:57:59] "GET /assessment/ HTTP/1.1" 200 166962
[20/Jul/2023 11:58:00] "GET /staticfiles/css/estilos.css HTTP/1.1" 304 0
[20/Jul/2023 11:58:40] "GET /assessmentselect/ HTTP/1.1" 200 22688
[20/Jul/2023 11:58:43] "GET /exportaciones/ HTTP/1.1" 200 13388
[20/Jul/2023 11:59:04] "POST /exportaciones/ HTTP/1.1" 200 249290
[20/Jul/2023 11:59:37] "GET /exportaciones/ HTTP/1.1" 200 13388
[20/Jul/2023 11:59:46] "POST /exportaciones/ HTTP/1.1" 200 5547430
[20/Jul/2023 12:03:25] "POST /exportaciones/ HTTP/1.1" 200 13388
[20/Jul/2023 12:03:43] "GET /mantenimientoNivelMadurez/ HTTP/1.1" 200 33480
[20/Jul/2023 12:03:46] "GET /assessmentselect/ HTTP/1.1" 200 22688
[20/Jul/2023 12:03:54] "POST /assessmentselect/ HTTP/1.1" 302 0
[20/Jul/2023 12:03:54] "GET /assessment/ HTTP/1.1" 200 35878
[20/Jul/2023 12:04:13] "GET /MantenimientoAssessmentArchivados/ HTTP/1.1" 200 10481
[20/Jul/2023 12:04:17] "POST /MantenimientoAssessmentArchivados/ HTTP/1.1" 200 7048178
[20/Jul/2023 12:04:34] "GET /assessmentselect/ HTTP/1.1" 200 22688
[20/Jul/2023 12:04:45] "POST /assessmentselect/ HTTP/1.1" 302 0
[20/Jul/2023 12:04:45] "GET /assessment/ HTTP/1.1" 200 166962
[20/Jul/2023 12:04:48] "POST /assessment/ HTTP/1.1" 200 172996
[20/Jul/2023 12:05:06] "POST /assessment/ HTTP/1.1" 200 173083
[20/Jul/2023 12:05:10] "POST /assessment/ HTTP/1.1" 200 173083
[20/Jul/2023 12:05:16] "POST /assessment/ HTTP/1.1" 200 173085
[20/Jul/2023 12:05:25] "POST /assessment/ HTTP/1.1" 302 0
[20/Jul/2023 12:05:25] "GET /menu/ HTTP/1.1" 200 9360
[20/Jul/2023 12:05:27] "GET /MantenimientoAssessmentArchivados/ HTTP/1.1" 200 10620
[20/Jul/2023 12:05:30] "POST /MantenimientoAssessmentArchivados/ HTTP/1.1" 200 7048255
C:\Users\administrator\Documents\NTTCS_Control_Framework\NTTCS_CF_project\homepage\views.py changed, reloading.
Performing system checks...

System check identified no issues (0 silenced).
July 20, 2023 - 11:57:36
Django version 4.2.2, using settings 'NTTCS_CF_project.settings'
Starting development server at http://127.0.0.1:24747/
Quit the server with CTRL-BREAK.

NTT-AAT-01
Watching for file changes with StatReloader
[20/Jul/2023 12:07:32] "POST /MantenimientoAssessmentArchivados/ HTTP/1.1" 200 7048304
[20/Jul/2023 12:07:34] "GET /staticfiles/css/estilos.css HTTP/1.1" 200 5831
[20/Jul/2023 12:07:34] "GET /staticfiles/js/scripts.js HTTP/1.1" 200 1798
[20/Jul/2023 12:07:34] "GET /staticfiles/css/ass.css HTTP/1.1" 200 6958
[20/Jul/2023 12:07:34] "GET /staticfiles/images/logo_NTTData.jpg HTTP/1.1" 200 2121
[20/Jul/2023 12:07:34] "GET /staticfiles/images/logo_NTTCS_CF.jpg HTTP/1.1" 200 20664
[20/Jul/2023 12:07:36] "GET /staticfiles/images/logo_NTTCS_CF.jpg HTTP/1.1" 200 20664
[20/Jul/2023 12:07:59] "GET /mantenimientoNivelMadurez/ HTTP/1.1" 200 33480
[20/Jul/2023 12:08:31] "POST /mantenimientoNivelMadurez/ HTTP/1.1" 200 34686
Internal Server Error: /mantenimientoNivelMadurez/
Traceback (most recent call last):
  File "C:\Users\administrator\AppData\Local\Programs\Python\Python311\Lib\site-packages\django\core\handlers\exception.py", line 55, in inner
    response = get_response(request)
               ^^^^^^^^^^^^^^^^^^^^^
  File "C:\Users\administrator\AppData\Local\Programs\Python\Python311\Lib\site-packages\django\core\handlers\base.py", line 197, in _get_response
    response = wrapped_callback(request, *callback_args, **callback_kwargs)
               ^^^^^^^^^^^^^^^^^^^^^^^^^^^^^^^^^^^^^^^^^^^^^^^^^^^^^^^^^^^^
  File "C:\Users\administrator\AppData\Local\Programs\Python\Python311\Lib\site-packages\django\views\generic\base.py", line 104, in view
    return self.dispatch(request, *args, **kwargs)
           ^^^^^^^^^^^^^^^^^^^^^^^^^^^^^^^^^^^^^^^
  File "C:\Users\administrator\AppData\Local\Programs\Python\Python311\Lib\site-packages\django\contrib\auth\mixins.py", line 73, in dispatch
    return super().dispatch(request, *args, **kwargs)
           ^^^^^^^^^^^^^^^^^^^^^^^^^^^^^^^^^^^^^^^^^^
  File "C:\Users\administrator\AppData\Local\Programs\Python\Python311\Lib\site-packages\django\views\generic\base.py", line 143, in dispatch
    return handler(request, *args, **kwargs)
           ^^^^^^^^^^^^^^^^^^^^^^^^^^^^^^^^^
  File "C:\Users\administrator\Documents\NTTCS_Control_Framework\NTTCS_CF_project\homepage\views.py", line 631, in post
    consulta = MaturirtyTable.objects.get(
               ^^^^^^^^^^^^^^^^^^^^^^^^^^^
  File "C:\Users\administrator\AppData\Local\Programs\Python\Python311\Lib\site-packages\django\db\models\manager.py", line 87, in manager_method
    return getattr(self.get_queryset(), name)(*args, **kwargs)
           ^^^^^^^^^^^^^^^^^^^^^^^^^^^^^^^^^^^^^^^^^^^^^^^^^^^
  File "C:\Users\administrator\AppData\Local\Programs\Python\Python311\Lib\site-packages\django\db\models\query.py", line 637, in get
    raise self.model.DoesNotExist(
homepage.models.MaturirtyTable.DoesNotExist: MaturirtyTable matching query does not exist.
[20/Jul/2023 12:08:54] "POST /mantenimientoNivelMadurez/ HTTP/1.1" 500 88062
Internal Server Error: /mantenimientoNivelMadurez/
Traceback (most recent call last):
  File "C:\Users\administrator\AppData\Local\Programs\Python\Python311\Lib\site-packages\django\core\handlers\exception.py", line 55, in inner
    response = get_response(request)
               ^^^^^^^^^^^^^^^^^^^^^
  File "C:\Users\administrator\AppData\Local\Programs\Python\Python311\Lib\site-packages\django\core\handlers\base.py", line 197, in _get_response
    response = wrapped_callback(request, *callback_args, **callback_kwargs)
               ^^^^^^^^^^^^^^^^^^^^^^^^^^^^^^^^^^^^^^^^^^^^^^^^^^^^^^^^^^^^
  File "C:\Users\administrator\AppData\Local\Programs\Python\Python311\Lib\site-packages\django\views\generic\base.py", line 104, in view
    return self.dispatch(request, *args, **kwargs)
           ^^^^^^^^^^^^^^^^^^^^^^^^^^^^^^^^^^^^^^^
  File "C:\Users\administrator\AppData\Local\Programs\Python\Python311\Lib\site-packages\django\contrib\auth\mixins.py", line 73, in dispatch
    return super().dispatch(request, *args, **kwargs)
           ^^^^^^^^^^^^^^^^^^^^^^^^^^^^^^^^^^^^^^^^^^
  File "C:\Users\administrator\AppData\Local\Programs\Python\Python311\Lib\site-packages\django\views\generic\base.py", line 143, in dispatch
    return handler(request, *args, **kwargs)
           ^^^^^^^^^^^^^^^^^^^^^^^^^^^^^^^^^
  File "C:\Users\administrator\Documents\NTTCS_Control_Framework\NTTCS_CF_project\homepage\views.py", line 631, in post
    consulta = MaturirtyTable.objects.get(
               ^^^^^^^^^^^^^^^^^^^^^^^^^^^
  File "C:\Users\administrator\AppData\Local\Programs\Python\Python311\Lib\site-packages\django\db\models\manager.py", line 87, in manager_method
    return getattr(self.get_queryset(), name)(*args, **kwargs)
           ^^^^^^^^^^^^^^^^^^^^^^^^^^^^^^^^^^^^^^^^^^^^^^^^^^^
  File "C:\Users\administrator\AppData\Local\Programs\Python\Python311\Lib\site-packages\django\db\models\query.py", line 637, in get
    raise self.model.DoesNotExist(
homepage.models.MaturirtyTable.DoesNotExist: MaturirtyTable matching query does not exist.
[20/Jul/2023 12:09:29] "POST /mantenimientoNivelMadurez/ HTTP/1.1" 500 88070
Internal Server Error: /mantenimientoNivelMadurez/
Traceback (most recent call last):
  File "C:\Users\administrator\AppData\Local\Programs\Python\Python311\Lib\site-packages\django\core\handlers\exception.py", line 55, in inner
    response = get_response(request)
               ^^^^^^^^^^^^^^^^^^^^^
  File "C:\Users\administrator\AppData\Local\Programs\Python\Python311\Lib\site-packages\django\core\handlers\base.py", line 197, in _get_response
    response = wrapped_callback(request, *callback_args, **callback_kwargs)
               ^^^^^^^^^^^^^^^^^^^^^^^^^^^^^^^^^^^^^^^^^^^^^^^^^^^^^^^^^^^^
  File "C:\Users\administrator\AppData\Local\Programs\Python\Python311\Lib\site-packages\django\views\generic\base.py", line 104, in view
    return self.dispatch(request, *args, **kwargs)
           ^^^^^^^^^^^^^^^^^^^^^^^^^^^^^^^^^^^^^^^
  File "C:\Users\administrator\AppData\Local\Programs\Python\Python311\Lib\site-packages\django\contrib\auth\mixins.py", line 73, in dispatch
    return super().dispatch(request, *args, **kwargs)
           ^^^^^^^^^^^^^^^^^^^^^^^^^^^^^^^^^^^^^^^^^^
  File "C:\Users\administrator\AppData\Local\Programs\Python\Python311\Lib\site-packages\django\views\generic\base.py", line 143, in dispatch
    return handler(request, *args, **kwargs)
           ^^^^^^^^^^^^^^^^^^^^^^^^^^^^^^^^^
  File "C:\Users\administrator\Documents\NTTCS_Control_Framework\NTTCS_CF_project\homepage\views.py", line 631, in post
    consulta = MaturirtyTable.objects.get(
               ^^^^^^^^^^^^^^^^^^^^^^^^^^^
  File "C:\Users\administrator\AppData\Local\Programs\Python\Python311\Lib\site-packages\django\db\models\manager.py", line 87, in manager_method
    return getattr(self.get_queryset(), name)(*args, **kwargs)
           ^^^^^^^^^^^^^^^^^^^^^^^^^^^^^^^^^^^^^^^^^^^^^^^^^^^
  File "C:\Users\administrator\AppData\Local\Programs\Python\Python311\Lib\site-packages\django\db\models\query.py", line 637, in get
    raise self.model.DoesNotExist(
homepage.models.MaturirtyTable.DoesNotExist: MaturirtyTable matching query does not exist.
[20/Jul/2023 12:09:43] "POST /mantenimientoNivelMadurez/ HTTP/1.1" 500 88058
Internal Server Error: /mantenimientoNivelMadurez/
Traceback (most recent call last):
  File "C:\Users\administrator\AppData\Local\Programs\Python\Python311\Lib\site-packages\django\core\handlers\exception.py", line 55, in inner
    response = get_response(request)
               ^^^^^^^^^^^^^^^^^^^^^
  File "C:\Users\administrator\AppData\Local\Programs\Python\Python311\Lib\site-packages\django\core\handlers\base.py", line 197, in _get_response
    response = wrapped_callback(request, *callback_args, **callback_kwargs)
               ^^^^^^^^^^^^^^^^^^^^^^^^^^^^^^^^^^^^^^^^^^^^^^^^^^^^^^^^^^^^
  File "C:\Users\administrator\AppData\Local\Programs\Python\Python311\Lib\site-packages\django\views\generic\base.py", line 104, in view
    return self.dispatch(request, *args, **kwargs)
           ^^^^^^^^^^^^^^^^^^^^^^^^^^^^^^^^^^^^^^^
  File "C:\Users\administrator\AppData\Local\Programs\Python\Python311\Lib\site-packages\django\contrib\auth\mixins.py", line 73, in dispatch
    return super().dispatch(request, *args, **kwargs)
           ^^^^^^^^^^^^^^^^^^^^^^^^^^^^^^^^^^^^^^^^^^
  File "C:\Users\administrator\AppData\Local\Programs\Python\Python311\Lib\site-packages\django\views\generic\base.py", line 143, in dispatch
    return handler(request, *args, **kwargs)
           ^^^^^^^^^^^^^^^^^^^^^^^^^^^^^^^^^
  File "C:\Users\administrator\Documents\NTTCS_Control_Framework\NTTCS_CF_project\homepage\views.py", line 631, in post
    consulta = MaturirtyTable.objects.get(
               ^^^^^^^^^^^^^^^^^^^^^^^^^^^
  File "C:\Users\administrator\AppData\Local\Programs\Python\Python311\Lib\site-packages\django\db\models\manager.py", line 87, in manager_method
    return getattr(self.get_queryset(), name)(*args, **kwargs)
           ^^^^^^^^^^^^^^^^^^^^^^^^^^^^^^^^^^^^^^^^^^^^^^^^^^^
  File "C:\Users\administrator\AppData\Local\Programs\Python\Python311\Lib\site-packages\django\db\models\query.py", line 637, in get
    raise self.model.DoesNotExist(
homepage.models.MaturirtyTable.DoesNotExist: MaturirtyTable matching query does not exist.
[20/Jul/2023 12:10:28] "POST /mantenimientoNivelMadurez/ HTTP/1.1" 500 88066
C:\Users\administrator\Documents\NTTCS_Control_Framework\NTTCS_CF_project\homepage\views.py changed, reloading.
Performing system checks...

System check identified no issues (0 silenced).
July 20, 2023 - 12:06:58
Django version 4.2.2, using settings 'NTTCS_CF_project.settings'
Starting development server at http://127.0.0.1:24747/
Quit the server with CTRL-BREAK.

Watching for file changes with StatReloader
[20/Jul/2023 12:11:13] "GET /assessmentselect/ HTTP/1.1" 200 22576
[20/Jul/2023 12:11:18] "GET /MantenimientoAssessmentArchivados/ HTTP/1.1" 200 10620
[20/Jul/2023 12:11:23] "POST /MantenimientoAssessmentArchivados/ HTTP/1.1" 200 3442647
Internal Server Error: /MantenimientoAssessmentArchivados/
Traceback (most recent call last):
  File "C:\Users\administrator\AppData\Local\Programs\Python\Python311\Lib\site-packages\django\core\handlers\exception.py", line 55, in inner
    response = get_response(request)
               ^^^^^^^^^^^^^^^^^^^^^
  File "C:\Users\administrator\AppData\Local\Programs\Python\Python311\Lib\site-packages\django\core\handlers\base.py", line 197, in _get_response
    response = wrapped_callback(request, *callback_args, **callback_kwargs)
               ^^^^^^^^^^^^^^^^^^^^^^^^^^^^^^^^^^^^^^^^^^^^^^^^^^^^^^^^^^^^
  File "C:\Users\administrator\AppData\Local\Programs\Python\Python311\Lib\site-packages\django\views\generic\base.py", line 104, in view
    return self.dispatch(request, *args, **kwargs)
           ^^^^^^^^^^^^^^^^^^^^^^^^^^^^^^^^^^^^^^^
  File "C:\Users\administrator\AppData\Local\Programs\Python\Python311\Lib\site-packages\django\contrib\auth\mixins.py", line 73, in dispatch
    return super().dispatch(request, *args, **kwargs)
           ^^^^^^^^^^^^^^^^^^^^^^^^^^^^^^^^^^^^^^^^^^
  File "C:\Users\administrator\AppData\Local\Programs\Python\Python311\Lib\site-packages\django\views\generic\base.py", line 143, in dispatch
    return handler(request, *args, **kwargs)
           ^^^^^^^^^^^^^^^^^^^^^^^^^^^^^^^^^
  File "C:\Users\administrator\Documents\NTTCS_Control_Framework\NTTCS_CF_project\homepage\views.py", line 1126, in post
    if i.assessment.id_assessment == consulta.id_assessment:
                                     ^^^^^^^^^^^^^^^^^^^^^^
AttributeError: 'QuerySet' object has no attribute 'id_assessment'
[20/Jul/2023 12:11:26] "POST /MantenimientoAssessmentArchivados/ HTTP/1.1" 500 78281
C:\Users\administrator\Documents\NTTCS_Control_Framework\NTTCS_CF_project\homepage\views.py changed, reloading.
Performing system checks...

System check identified no issues (0 silenced).
July 20, 2023 - 12:11:01
Django version 4.2.2, using settings 'NTTCS_CF_project.settings'
Starting development server at http://127.0.0.1:24747/
Quit the server with CTRL-BREAK.

Watching for file changes with StatReloader
[20/Jul/2023 12:12:36] "POST /MantenimientoAssessmentArchivados/ HTTP/1.1" 200 3442647
[20/Jul/2023 12:12:37] "GET /staticfiles/css/ass.css HTTP/1.1" 200 6958
[20/Jul/2023 12:12:37] "GET /staticfiles/js/scripts.js HTTP/1.1" 200 1798
[20/Jul/2023 12:12:37] "GET /staticfiles/css/estilos.css HTTP/1.1" 200 5831
[20/Jul/2023 12:12:37] "GET /staticfiles/images/logo_NTTCS_CF.jpg HTTP/1.1" 200 20664
[20/Jul/2023 12:12:37] "GET /staticfiles/images/logo_NTTData.jpg HTTP/1.1" 200 2121
[20/Jul/2023 12:12:38] "GET /staticfiles/images/logo_NTTCS_CF.jpg HTTP/1.1" 200 20664
Internal Server Error: /MantenimientoAssessmentArchivados/
Traceback (most recent call last):
  File "C:\Users\administrator\AppData\Local\Programs\Python\Python311\Lib\site-packages\django\core\handlers\exception.py", line 55, in inner
    response = get_response(request)
               ^^^^^^^^^^^^^^^^^^^^^
  File "C:\Users\administrator\AppData\Local\Programs\Python\Python311\Lib\site-packages\django\core\handlers\base.py", line 197, in _get_response
    response = wrapped_callback(request, *callback_args, **callback_kwargs)
               ^^^^^^^^^^^^^^^^^^^^^^^^^^^^^^^^^^^^^^^^^^^^^^^^^^^^^^^^^^^^
  File "C:\Users\administrator\AppData\Local\Programs\Python\Python311\Lib\site-packages\django\views\generic\base.py", line 104, in view
    return self.dispatch(request, *args, **kwargs)
           ^^^^^^^^^^^^^^^^^^^^^^^^^^^^^^^^^^^^^^^
  File "C:\Users\administrator\AppData\Local\Programs\Python\Python311\Lib\site-packages\django\contrib\auth\mixins.py", line 73, in dispatch
    return super().dispatch(request, *args, **kwargs)
           ^^^^^^^^^^^^^^^^^^^^^^^^^^^^^^^^^^^^^^^^^^
  File "C:\Users\administrator\AppData\Local\Programs\Python\Python311\Lib\site-packages\django\views\generic\base.py", line 143, in dispatch
    return handler(request, *args, **kwargs)
           ^^^^^^^^^^^^^^^^^^^^^^^^^^^^^^^^^
  File "C:\Users\administrator\Documents\NTTCS_Control_Framework\NTTCS_CF_project\homepage\views.py", line 1135, in post
    return request('/menu/')
           ^^^^^^^^^^^^^^^^^
TypeError: 'WSGIRequest' object is not callable
[20/Jul/2023 12:12:40] "POST /MantenimientoAssessmentArchivados/ HTTP/1.1" 500 78479
C:\Users\administrator\Documents\NTTCS_Control_Framework\NTTCS_CF_project\homepage\views.py changed, reloading.
Performing system checks...

System check identified no issues (0 silenced).
July 20, 2023 - 12:12:30
Django version 4.2.2, using settings 'NTTCS_CF_project.settings'
Starting development server at http://127.0.0.1:24747/
Quit the server with CTRL-BREAK.

Watching for file changes with StatReloader
Internal Server Error: /MantenimientoAssessmentArchivados/
Traceback (most recent call last):
  File "C:\Users\administrator\AppData\Local\Programs\Python\Python311\Lib\site-packages\mysql\connector\connection_cext.py", line 611, in cmd_query
    self._cmysql.query(
_mysql_connector.MySQLInterfaceError: Table 'nttcs_cf.pruebaassess7' doesn't exist

The above exception was the direct cause of the following exception:

Traceback (most recent call last):
  File "C:\Users\administrator\AppData\Local\Programs\Python\Python311\Lib\site-packages\django\core\handlers\exception.py", line 55, in inner
    response = get_response(request)
               ^^^^^^^^^^^^^^^^^^^^^
  File "C:\Users\administrator\AppData\Local\Programs\Python\Python311\Lib\site-packages\django\core\handlers\base.py", line 197, in _get_response
    response = wrapped_callback(request, *callback_args, **callback_kwargs)
               ^^^^^^^^^^^^^^^^^^^^^^^^^^^^^^^^^^^^^^^^^^^^^^^^^^^^^^^^^^^^
  File "C:\Users\administrator\AppData\Local\Programs\Python\Python311\Lib\site-packages\django\views\generic\base.py", line 104, in view
    return self.dispatch(request, *args, **kwargs)
           ^^^^^^^^^^^^^^^^^^^^^^^^^^^^^^^^^^^^^^^
  File "C:\Users\administrator\AppData\Local\Programs\Python\Python311\Lib\site-packages\django\contrib\auth\mixins.py", line 73, in dispatch
    return super().dispatch(request, *args, **kwargs)
           ^^^^^^^^^^^^^^^^^^^^^^^^^^^^^^^^^^^^^^^^^^
  File "C:\Users\administrator\AppData\Local\Programs\Python\Python311\Lib\site-packages\django\views\generic\base.py", line 143, in dispatch
    return handler(request, *args, **kwargs)
           ^^^^^^^^^^^^^^^^^^^^^^^^^^^^^^^^^
  File "C:\Users\administrator\Documents\NTTCS_Control_Framework\NTTCS_CF_project\homepage\views.py", line 1058, in post
    mycursor.execute("SELECT * FROM " + selector)  # realizamos la consulta para obtener los contrloles
    ^^^^^^^^^^^^^^^^^^^^^^^^^^^^^^^^^^^^^^^^^^^^^
  File "C:\Users\administrator\AppData\Local\Programs\Python\Python311\Lib\site-packages\mysql\connector\cursor_cext.py", line 330, in execute
    result = self._cnx.cmd_query(
             ^^^^^^^^^^^^^^^^^^^^
  File "C:\Users\administrator\AppData\Local\Programs\Python\Python311\Lib\site-packages\mysql\connector\connection_cext.py", line 619, in cmd_query
    raise get_mysql_exception(
mysql.connector.errors.ProgrammingError: 1146 (42S02): Table 'nttcs_cf.pruebaassess7' doesn't exist
[20/Jul/2023 12:13:15] "POST /MantenimientoAssessmentArchivados/ HTTP/1.1" 500 91490
Not Found: /favicon.ico
[20/Jul/2023 12:13:15] "GET /favicon.ico HTTP/1.1" 404 6513
[20/Jul/2023 12:13:17] "GET /MantenimientoAssessmentArchivados/ HTTP/1.1" 200 10483
[20/Jul/2023 12:13:41] "GET /MantenimientoAssessmentArchivados/ HTTP/1.1" 200 10483
[20/Jul/2023 12:13:46] "POST /MantenimientoAssessmentArchivados/ HTTP/1.1" 200 3442632
Internal Server Error: /MantenimientoAssessmentArchivados/
Traceback (most recent call last):
  File "C:\Users\administrator\AppData\Local\Programs\Python\Python311\Lib\site-packages\django\core\handlers\exception.py", line 55, in inner
    response = get_response(request)
               ^^^^^^^^^^^^^^^^^^^^^
  File "C:\Users\administrator\AppData\Local\Programs\Python\Python311\Lib\site-packages\django\core\handlers\base.py", line 197, in _get_response
    response = wrapped_callback(request, *callback_args, **callback_kwargs)
               ^^^^^^^^^^^^^^^^^^^^^^^^^^^^^^^^^^^^^^^^^^^^^^^^^^^^^^^^^^^^
  File "C:\Users\administrator\AppData\Local\Programs\Python\Python311\Lib\site-packages\django\views\generic\base.py", line 104, in view
    return self.dispatch(request, *args, **kwargs)
           ^^^^^^^^^^^^^^^^^^^^^^^^^^^^^^^^^^^^^^^
  File "C:\Users\administrator\AppData\Local\Programs\Python\Python311\Lib\site-packages\django\contrib\auth\mixins.py", line 73, in dispatch
    return super().dispatch(request, *args, **kwargs)
           ^^^^^^^^^^^^^^^^^^^^^^^^^^^^^^^^^^^^^^^^^^
  File "C:\Users\administrator\AppData\Local\Programs\Python\Python311\Lib\site-packages\django\views\generic\base.py", line 143, in dispatch
    return handler(request, *args, **kwargs)
           ^^^^^^^^^^^^^^^^^^^^^^^^^^^^^^^^^
  File "C:\Users\administrator\Documents\NTTCS_Control_Framework\NTTCS_CF_project\homepage\views.py", line 1135, in post
    return request('menu')
           ^^^^^^^^^^^^^^^
TypeError: 'WSGIRequest' object is not callable
[20/Jul/2023 12:13:48] "POST /MantenimientoAssessmentArchivados/ HTTP/1.1" 500 78427
C:\Users\administrator\Documents\NTTCS_Control_Framework\NTTCS_CF_project\homepage\views.py changed, reloading.
Performing system checks...

System check identified no issues (0 silenced).
July 20, 2023 - 12:13:11
Django version 4.2.2, using settings 'NTTCS_CF_project.settings'
Starting development server at http://127.0.0.1:24747/
Quit the server with CTRL-BREAK.

Watching for file changes with StatReloader
Internal Server Error: /MantenimientoAssessmentArchivados/
Traceback (most recent call last):
  File "C:\Users\administrator\AppData\Local\Programs\Python\Python311\Lib\site-packages\mysql\connector\connection_cext.py", line 611, in cmd_query
    self._cmysql.query(
_mysql_connector.MySQLInterfaceError: Table 'nttcs_cf.pruebaassess6' doesn't exist

The above exception was the direct cause of the following exception:

Traceback (most recent call last):
  File "C:\Users\administrator\AppData\Local\Programs\Python\Python311\Lib\site-packages\django\core\handlers\exception.py", line 55, in inner
    response = get_response(request)
               ^^^^^^^^^^^^^^^^^^^^^
  File "C:\Users\administrator\AppData\Local\Programs\Python\Python311\Lib\site-packages\django\core\handlers\base.py", line 197, in _get_response
    response = wrapped_callback(request, *callback_args, **callback_kwargs)
               ^^^^^^^^^^^^^^^^^^^^^^^^^^^^^^^^^^^^^^^^^^^^^^^^^^^^^^^^^^^^
  File "C:\Users\administrator\AppData\Local\Programs\Python\Python311\Lib\site-packages\django\views\generic\base.py", line 104, in view
    return self.dispatch(request, *args, **kwargs)
           ^^^^^^^^^^^^^^^^^^^^^^^^^^^^^^^^^^^^^^^
  File "C:\Users\administrator\AppData\Local\Programs\Python\Python311\Lib\site-packages\django\contrib\auth\mixins.py", line 73, in dispatch
    return super().dispatch(request, *args, **kwargs)
           ^^^^^^^^^^^^^^^^^^^^^^^^^^^^^^^^^^^^^^^^^^
  File "C:\Users\administrator\AppData\Local\Programs\Python\Python311\Lib\site-packages\django\views\generic\base.py", line 143, in dispatch
    return handler(request, *args, **kwargs)
           ^^^^^^^^^^^^^^^^^^^^^^^^^^^^^^^^^
  File "C:\Users\administrator\Documents\NTTCS_Control_Framework\NTTCS_CF_project\homepage\views.py", line 1058, in post
    mycursor.execute("SELECT * FROM " + selector)  # realizamos la consulta para obtener los contrloles
    ^^^^^^^^^^^^^^^^^^^^^^^^^^^^^^^^^^^^^^^^^^^^^
  File "C:\Users\administrator\AppData\Local\Programs\Python\Python311\Lib\site-packages\mysql\connector\cursor_cext.py", line 330, in execute
    result = self._cnx.cmd_query(
             ^^^^^^^^^^^^^^^^^^^^
  File "C:\Users\administrator\AppData\Local\Programs\Python\Python311\Lib\site-packages\mysql\connector\connection_cext.py", line 619, in cmd_query
    raise get_mysql_exception(
mysql.connector.errors.ProgrammingError: 1146 (42S02): Table 'nttcs_cf.pruebaassess6' doesn't exist
[20/Jul/2023 12:14:15] "POST /MantenimientoAssessmentArchivados/ HTTP/1.1" 500 91225
[20/Jul/2023 12:14:16] "GET /MantenimientoAssessmentArchivados/ HTTP/1.1" 200 10346
[20/Jul/2023 12:14:19] "GET /MantenimientoAssessmentArchivados/ HTTP/1.1" 200 10346
[20/Jul/2023 12:14:23] "POST /MantenimientoAssessmentArchivados/ HTTP/1.1" 200 7048030
[20/Jul/2023 12:14:27] "POST /MantenimientoAssessmentArchivados/ HTTP/1.1" 302 0
[20/Jul/2023 12:14:27] "GET /menu/ HTTP/1.1" 200 9360
[20/Jul/2023 12:14:35] "GET /MantenimientoAssessmentArchivados/ HTTP/1.1" 200 10207
[20/Jul/2023 12:15:04] "POST /MantenimientoAssessmentArchivados/ HTTP/1.1" 200 7047904
[20/Jul/2023 12:15:33] "GET /assessmentselect/ HTTP/1.1" 200 22576
[20/Jul/2023 12:15:47] "POST /assessmentselect/ HTTP/1.1" 302 0
[20/Jul/2023 12:15:48] "GET /assessment/ HTTP/1.1" 200 87007
[20/Jul/2023 12:15:50] "POST /assessment/ HTTP/1.1" 200 97484
[20/Jul/2023 12:15:56] "GET /assessmentselect/ HTTP/1.1" 200 22576
[20/Jul/2023 12:16:04] "GET /MantenimientoAssessmentArchivados/ HTTP/1.1" 200 10207
[20/Jul/2023 12:16:07] "POST /MantenimientoAssessmentArchivados/ HTTP/1.1" 200 1475459
[20/Jul/2023 12:16:11] "POST /MantenimientoAssessmentArchivados/ HTTP/1.1" 302 0
[20/Jul/2023 12:16:11] "GET /menu/ HTTP/1.1" 200 9360
[20/Jul/2023 12:17:02] "GET /assessmentselect/ HTTP/1.1" 200 22576
[20/Jul/2023 12:17:18] "POST /assessmentselect/ HTTP/1.1" 302 0
[20/Jul/2023 12:17:18] "GET /assessment/ HTTP/1.1" 200 36010
